2024-10-13 17:41:04,712 [INFO] Activator:176 - 


2024-10-13 17:41:04,718 [INFO] Activator:177 - !SESSION log4j initialized
2024-10-13 17:41:09,430 [INFO] LogOutputStream:77 - [STDOUT_REDIRECT] 
2024-10-13 17:41:10,663 [INFO] ApplicationProperties:184 - Using Application install path: C:\ST\STM32CubeIDE_1.14.1\STM32CubeIDE\plugins\com.st.stm32cube.common.mx_6.10.0.202311202037
2024-10-13 17:41:10,677 [INFO] DbMcusXml:78 - Set database path to: C:\ST\STM32CubeIDE_1.14.1\STM32CubeIDE\plugins\com.st.stm32cube.common.mx_6.10.0.202311202037\\db\/mcu/
2024-10-13 17:41:10,677 [INFO] ApiDb:274 - Set plugin database path to: C:\ST\STM32CubeIDE_1.14.1\STM32CubeIDE\plugins\com.st.stm32cube.common.mx_6.10.0.202311202037\\db\/plugins/boardmanager/
2024-10-13 17:41:10,677 [WARN] ApiDb:259 - Overriding images path with different value:  => C:\ST\STM32CubeIDE_1.14.1\STM32CubeIDE\plugins\com.st.stm32cube.common.mx_6.10.0.202311202037\\db\/plugins/mcufinder/images/
2024-10-13 17:41:10,685 [INFO] ApiDb:250 - Set database path to: C:\Users\Ivan\.stmcufinder\plugins\mcufinder//mcu/
2024-10-13 17:41:10,686 [INFO] DbMcusAds:125 - Set database path to: C:\Users\Ivan\.stmcufinder\plugins\mcufinder//mcu/
2024-10-13 17:41:10,687 [INFO] CrossReferenceDbSqlite:203 - Set database path to: C:\Users\Ivan\.stmcufinder\plugins\mcufinder//mcu/cs/
2024-10-13 17:41:10,800 [INFO] RulesReader:64 - Compatibility file has been processed (297 Rules)
2024-10-13 17:41:10,864 [INFO] DbMcusXml:78 - Set database path to: C:\ST\STM32CubeIDE_1.14.1\STM32CubeIDE\plugins\com.st.stm32cube.common.mx_6.10.0.202311202037\\db\/mcu/
2024-10-13 17:41:10,865 [INFO] ApiDb:274 - Set plugin database path to: C:\ST\STM32CubeIDE_1.14.1\STM32CubeIDE\plugins\com.st.stm32cube.common.mx_6.10.0.202311202037\\db\/plugins/boardmanager/
2024-10-13 17:41:10,865 [INFO] ApiDb:261 - Set plugin images path to: C:\ST\STM32CubeIDE_1.14.1\STM32CubeIDE\plugins\com.st.stm32cube.common.mx_6.10.0.202311202037\\db\/plugins/mcufinder/images/
2024-10-13 17:41:10,865 [WARN] DbFile:41 - Overriding database path with different value: C:\Users\Ivan\.stmcufinder\plugins\mcufinder/ => C:\Users\Ivan\.stmcufinder\plugins\mcufinder
2024-10-13 17:41:10,865 [INFO] ApiDb:250 - Set database path to: C:\Users\Ivan\.stmcufinder\plugins\mcufinder//mcu/
2024-10-13 17:41:10,865 [WARN] DbFile:41 - Overriding database path with different value: C:\Users\Ivan\.stmcufinder\plugins\mcufinder/ => C:\Users\Ivan\.stmcufinder\plugins\mcufinder
2024-10-13 17:41:10,865 [INFO] DbMcusAds:125 - Set database path to: C:\Users\Ivan\.stmcufinder\plugins\mcufinder//mcu/
2024-10-13 17:41:10,865 [WARN] DbFile:41 - Overriding database path with different value: C:\Users\Ivan\.stmcufinder\plugins\mcufinder/ => C:\Users\Ivan\.stmcufinder\plugins\mcufinder
2024-10-13 17:41:10,865 [WARN] DbFile:41 - Overriding database path with different value: C:\Users\Ivan\.stmcufinder\plugins\mcufinder/ => C:\Users\Ivan\.stmcufinder\plugins\mcufinder
2024-10-13 17:41:10,865 [INFO] CrossReferenceDbSqlite:203 - Set database path to: C:\Users\Ivan\.stmcufinder\plugins\mcufinder//mcu/cs/
2024-10-13 17:41:10,930 [INFO] MainPanel:264 - HeapMemory: 268435456
2024-10-13 17:41:11,029 [INFO] DbMcusXml:78 - Set database path to: C:\ST\STM32CubeIDE_1.14.1\STM32CubeIDE\plugins\com.st.stm32cube.common.mx_6.10.0.202311202037\\db\/mcu/
2024-10-13 17:41:11,029 [INFO] ApiDb:274 - Set plugin database path to: C:\ST\STM32CubeIDE_1.14.1\STM32CubeIDE\plugins\com.st.stm32cube.common.mx_6.10.0.202311202037\\db\/plugins/boardmanager/
2024-10-13 17:41:11,029 [INFO] ApiDb:261 - Set plugin images path to: C:\ST\STM32CubeIDE_1.14.1\STM32CubeIDE\plugins\com.st.stm32cube.common.mx_6.10.0.202311202037\\db\/plugins/mcufinder/images/
2024-10-13 17:41:11,029 [WARN] DbFile:41 - Overriding database path with different value: C:\Users\Ivan\.stmcufinder\plugins\mcufinder/ => C:\Users\Ivan\.stmcufinder\plugins\mcufinder
2024-10-13 17:41:11,029 [INFO] ApiDb:250 - Set database path to: C:\Users\Ivan\.stmcufinder\plugins\mcufinder//mcu/
2024-10-13 17:41:11,029 [WARN] DbFile:41 - Overriding database path with different value: C:\Users\Ivan\.stmcufinder\plugins\mcufinder/ => C:\Users\Ivan\.stmcufinder\plugins\mcufinder
2024-10-13 17:41:11,029 [INFO] DbMcusAds:125 - Set database path to: C:\Users\Ivan\.stmcufinder\plugins\mcufinder//mcu/
2024-10-13 17:41:11,030 [WARN] DbFile:41 - Overriding database path with different value: C:\Users\Ivan\.stmcufinder\plugins\mcufinder/ => C:\Users\Ivan\.stmcufinder\plugins\mcufinder
2024-10-13 17:41:11,030 [WARN] DbFile:41 - Overriding database path with different value: C:\Users\Ivan\.stmcufinder\plugins\mcufinder/ => C:\Users\Ivan\.stmcufinder\plugins\mcufinder
2024-10-13 17:41:11,030 [INFO] CrossReferenceDbSqlite:203 - Set database path to: C:\Users\Ivan\.stmcufinder\plugins\mcufinder//mcu/cs/
2024-10-13 17:41:11,047 [INFO] ApplicationProperties:184 - Using Application install path: C:\ST\STM32CubeIDE_1.14.1\STM32CubeIDE\plugins\com.st.stm32cube.common.mx_6.10.0.202311202037
2024-10-13 17:41:11,048 [INFO] PluginManage:196 - Search for loadable plugins [exclusion list=, ]
2024-10-13 17:41:11,049 [INFO] PluginManage:310 - Check plugin analytics
2024-10-13 17:41:11,193 [INFO] AnalyticsPlugin:253 - Accepted Software Licenses: STM32CubeMX.6.10.0,STM32CubeMX.6.12.0
2024-10-13 17:41:11,195 [INFO] AnalyticsPlugin:255 - Accepted CMSIS Pack Licenses: STMicroelectronics.X-CUBE-MEMS1.10.0.0,STMicroelectronics.X-CUBE-MEMS1.9.6.0,STMicroelectronics.X-CUBE-MEMS1.9.3.0
2024-10-13 17:41:11,195 [INFO] AnalyticsPlugin:257 - Accepted Firmware Licenses: FW.F4.1.28.0,FW.L4.1.18.0
2024-10-13 17:41:11,197 [INFO] PluginManage:359 - Loaded plugin analytics (category:tool,tabindex:-1)
2024-10-13 17:41:11,198 [INFO] PluginManage:310 - Check plugin cadmodel
2024-10-13 17:41:11,211 [INFO] CADModel:105 - Init CAD model plugin
2024-10-13 17:41:11,211 [INFO] PluginManage:359 - Loaded plugin cadmodel (category:power,tabindex:5)
2024-10-13 17:41:11,211 [INFO] PluginManage:310 - Check plugin clock
2024-10-13 17:41:11,225 [INFO] PluginManage:359 - Loaded plugin clock (category:base,tabindex:2)
2024-10-13 17:41:11,225 [INFO] PluginManage:310 - Check plugin ddr
2024-10-13 17:41:11,227 [INFO] PluginManage:359 - Loaded plugin ddr (category:tool,tabindex:6)
2024-10-13 17:41:11,228 [INFO] PluginManage:310 - Check plugin filemanager
2024-10-13 17:41:11,356 [INFO] PluginManage:359 - Loaded plugin filemanager (category:base,tabindex:10)
2024-10-13 17:41:11,356 [INFO] PluginManage:310 - Check plugin ipmanager
2024-10-13 17:41:11,362 [INFO] PluginManage:359 - Loaded plugin ipmanager (category:base,tabindex:5)
2024-10-13 17:41:11,362 [INFO] PluginManage:310 - Check plugin lpbam
2024-10-13 17:41:11,529 [INFO] PluginManage:359 - Loaded plugin lpbam (category:base,tabindex:0)
2024-10-13 17:41:11,529 [INFO] PluginManage:310 - Check plugin memorymap
2024-10-13 17:41:11,679 [INFO] PluginManage:359 - Loaded plugin memorymap (category:base,tabindex:4)
2024-10-13 17:41:11,679 [INFO] PluginManage:310 - Check plugin pinoutandconfiguration
2024-10-13 17:41:11,690 [INFO] PluginManage:359 - Loaded plugin pinoutandconfiguration (category:base,tabindex:1)
2024-10-13 17:41:11,690 [INFO] PluginManage:310 - Check plugin pinoutconfig
2024-10-13 17:41:11,775 [WARN] SupportedApi:132 - Cannot load RTOS API schema: s4s-elt-must-match.1: The content of 'definitions' must match (annotation?, (simpleType | complexType)?, (unique | key | keyref)*)). A problem was found starting at: attribute.
2024-10-13 17:41:11,909 [INFO] PluginManage:359 - Loaded plugin pinoutconfig (category:base,tabindex:0)
2024-10-13 17:41:11,909 [INFO] PluginManage:310 - Check plugin power
2024-10-13 17:41:11,941 [INFO] PluginManage:359 - Loaded plugin power (category:power,tabindex:4)
2024-10-13 17:41:11,941 [INFO] PluginManage:310 - Check plugin projectmanager
2024-10-13 17:41:11,955 [INFO] PluginManage:359 - Loaded plugin projectmanager (category:projectmanager,tabindex:3)
2024-10-13 17:41:11,955 [INFO] PluginManage:310 - Check plugin thirdparty
2024-10-13 17:41:12,138 [INFO] PluginManage:359 - Loaded plugin thirdparty (category:base,tabindex:-1)
2024-10-13 17:41:12,138 [WARN] IntegrityCheckThread:84 - waiting for thirdparty lock release [integrity check]
2024-10-13 17:41:12,138 [INFO] PluginManage:310 - Check plugin tools
2024-10-13 17:41:12,138 [INFO] IntegrityCheckThread:86 - entering critical section [integrity check]
2024-10-13 17:41:12,138 [INFO] ThirdPartyUpdaterWithRetryManager:70 - Updater plugin not ready yet. [1/15]
2024-10-13 17:41:12,156 [INFO] PluginManage:359 - Loaded plugin tools (category:base,tabindex:7)
2024-10-13 17:41:12,156 [INFO] PluginManage:310 - Check plugin tutovideos
2024-10-13 17:41:12,371 [INFO] PluginManage:359 - Loaded plugin tutovideos (category:base,tabindex:-1)
2024-10-13 17:41:12,371 [INFO] PluginManage:310 - Check plugin updater
2024-10-13 17:41:12,377 [INFO] PluginManage:359 - Loaded plugin updater (category:base,tabindex:12)
2024-10-13 17:41:12,377 [INFO] PluginManage:310 - Check plugin userauth
2024-10-13 17:41:12,380 [INFO] UserAuth:114 - Init User Auth plugin
2024-10-13 17:41:12,381 [INFO] PluginManage:359 - Loaded plugin userauth (category:base,tabindex:14)
2024-10-13 17:41:12,381 [INFO] PluginManage:283 - PluginManage : Loaded plugins [17]
2024-10-13 17:41:12,551 [INFO] PinOutPanel:1499 - setPackage(No Configuration,No Configuration)
2024-10-13 17:41:12,603 [INFO] CADModel:165 - CPN selected for project level
2024-10-13 17:41:12,603 [INFO] CADModel:114 - Register for checkConnection events
2024-10-13 17:41:12,653 [INFO] IPUIPlugin:80 - create IPUIPlugin
2024-10-13 17:41:12,653 [INFO] PluginManager:220 - loadIPPluginJar : add adc
2024-10-13 17:41:12,668 [INFO] IPUIPlugin:80 - create IPUIPlugin
2024-10-13 17:41:12,668 [INFO] PluginManager:220 - loadIPPluginJar : add aes
2024-10-13 17:41:12,682 [INFO] IPUIPlugin:80 - create IPUIPlugin
2024-10-13 17:41:12,682 [INFO] PluginManager:220 - loadIPPluginJar : add can
2024-10-13 17:41:12,692 [INFO] IPUIPlugin:80 - create IPUIPlugin
2024-10-13 17:41:12,692 [INFO] PluginManager:220 - loadIPPluginJar : add comp
2024-10-13 17:41:12,706 [INFO] IPUIPlugin:80 - create IPUIPlugin
2024-10-13 17:41:12,706 [INFO] PluginManager:220 - loadIPPluginJar : add cryp
2024-10-13 17:41:12,718 [INFO] IPUIPlugin:80 - create IPUIPlugin
2024-10-13 17:41:12,718 [INFO] PluginManager:220 - loadIPPluginJar : add dfsdm
2024-10-13 17:41:12,750 [INFO] IPUIPlugin:80 - create IPUIPlugin
2024-10-13 17:41:12,751 [INFO] PluginManager:220 - loadIPPluginJar : add dma
2024-10-13 17:41:12,771 [INFO] IPUIPlugin:80 - create IPUIPlugin
2024-10-13 17:41:12,771 [INFO] PluginManager:220 - loadIPPluginJar : add dma3
2024-10-13 17:41:12,780 [INFO] IPUIPlugin:80 - create IPUIPlugin
2024-10-13 17:41:12,780 [INFO] PluginManager:220 - loadIPPluginJar : add fatfs
2024-10-13 17:41:12,796 [INFO] IPUIPlugin:80 - create IPUIPlugin
2024-10-13 17:41:12,796 [INFO] PluginManager:220 - loadIPPluginJar : add fmc
2024-10-13 17:41:12,804 [INFO] IPUIPlugin:80 - create IPUIPlugin
2024-10-13 17:41:12,804 [INFO] PluginManager:220 - loadIPPluginJar : add freertos
2024-10-13 17:41:12,813 [INFO] IPUIPlugin:80 - create IPUIPlugin
2024-10-13 17:41:12,813 [INFO] PluginManager:220 - loadIPPluginJar : add genericplugin
2024-10-13 17:41:12,842 [INFO] IPUIPlugin:80 - create IPUIPlugin
2024-10-13 17:41:12,842 [INFO] PluginManager:220 - loadIPPluginJar : add gfxmmu
2024-10-13 17:41:12,886 [INFO] IPUIPlugin:80 - create IPUIPlugin
2024-10-13 17:41:12,886 [INFO] PluginManager:220 - loadIPPluginJar : add gic
2024-10-13 17:41:12,959 [INFO] IPUIPlugin:80 - create IPUIPlugin
2024-10-13 17:41:12,960 [INFO] PluginManager:220 - loadIPPluginJar : add gpio
2024-10-13 17:41:13,001 [INFO] IPUIPlugin:80 - create IPUIPlugin
2024-10-13 17:41:13,001 [INFO] PluginManager:220 - loadIPPluginJar : add gtzc
2024-10-13 17:41:13,020 [INFO] IPUIPlugin:80 - create IPUIPlugin
2024-10-13 17:41:13,020 [INFO] PluginManager:220 - loadIPPluginJar : add hash
2024-10-13 17:41:13,051 [INFO] IPUIPlugin:80 - create IPUIPlugin
2024-10-13 17:41:13,051 [INFO] PluginManager:220 - loadIPPluginJar : add i2c
2024-10-13 17:41:13,072 [INFO] IPUIPlugin:80 - create IPUIPlugin
2024-10-13 17:41:13,072 [INFO] PluginManager:220 - loadIPPluginJar : add i2s
2024-10-13 17:41:13,095 [INFO] IPUIPlugin:80 - create IPUIPlugin
2024-10-13 17:41:13,095 [INFO] PluginManager:220 - loadIPPluginJar : add i3c
2024-10-13 17:41:13,126 [INFO] IPUIPlugin:80 - create IPUIPlugin
2024-10-13 17:41:13,127 [INFO] PluginManager:220 - loadIPPluginJar : add ipddr
2024-10-13 17:41:13,167 [INFO] IPUIPlugin:80 - create IPUIPlugin
2024-10-13 17:41:13,167 [INFO] PluginManager:220 - loadIPPluginJar : add linkedlist
2024-10-13 17:41:13,184 [INFO] IPUIPlugin:80 - create IPUIPlugin
2024-10-13 17:41:13,185 [INFO] PluginManager:220 - loadIPPluginJar : add lorawan
2024-10-13 17:41:13,200 [INFO] IPUIPlugin:80 - create IPUIPlugin
2024-10-13 17:41:13,201 [INFO] PluginManager:220 - loadIPPluginJar : add ltdc
2024-10-13 17:41:13,283 [INFO] IPUIPlugin:80 - create IPUIPlugin
2024-10-13 17:41:13,283 [INFO] PluginManager:220 - loadIPPluginJar : add mdma
2024-10-13 17:41:13,376 [INFO] IPUIPlugin:80 - create IPUIPlugin
2024-10-13 17:41:13,376 [INFO] PluginManager:220 - loadIPPluginJar : add nvic
2024-10-13 17:41:13,389 [INFO] IPUIPlugin:80 - create IPUIPlugin
2024-10-13 17:41:13,389 [INFO] PluginManager:220 - loadIPPluginJar : add opamp
2024-10-13 17:41:13,413 [INFO] IPUIPlugin:80 - create IPUIPlugin
2024-10-13 17:41:13,413 [INFO] PluginManager:220 - loadIPPluginJar : add openamp
2024-10-13 17:41:13,431 [INFO] IPUIPlugin:80 - create IPUIPlugin
2024-10-13 17:41:13,431 [INFO] PluginManager:220 - loadIPPluginJar : add pdm2pcm
2024-10-13 17:41:13,503 [INFO] IPUIPlugin:80 - create IPUIPlugin
2024-10-13 17:41:13,506 [INFO] PluginManager:220 - loadIPPluginJar : add plateformsettings
2024-10-13 17:41:13,515 [INFO] IPUIPlugin:80 - create IPUIPlugin
2024-10-13 17:41:13,515 [INFO] PluginManager:220 - loadIPPluginJar : add quadspi
2024-10-13 17:41:13,522 [INFO] IPUIPlugin:80 - create IPUIPlugin
2024-10-13 17:41:13,522 [INFO] PluginManager:220 - loadIPPluginJar : add resmgrutility
2024-10-13 17:41:13,539 [INFO] IPUIPlugin:80 - create IPUIPlugin
2024-10-13 17:41:13,539 [INFO] PluginManager:220 - loadIPPluginJar : add sai
2024-10-13 17:41:13,555 [INFO] IPUIPlugin:80 - create IPUIPlugin
2024-10-13 17:41:13,555 [INFO] PluginManager:220 - loadIPPluginJar : add spi
2024-10-13 17:41:13,579 [INFO] IPUIPlugin:80 - create IPUIPlugin
2024-10-13 17:41:13,579 [INFO] PluginManager:220 - loadIPPluginJar : add stm32_wpan
2024-10-13 17:41:13,590 [INFO] IPUIPlugin:80 - create IPUIPlugin
2024-10-13 17:41:13,590 [INFO] PluginManager:220 - loadIPPluginJar : add tim
2024-10-13 17:41:13,609 [INFO] IPUIPlugin:80 - create IPUIPlugin
2024-10-13 17:41:13,609 [INFO] PluginManager:220 - loadIPPluginJar : add touchsensing
2024-10-13 17:41:13,619 [INFO] IPUIPlugin:80 - create IPUIPlugin
2024-10-13 17:41:13,619 [INFO] PluginManager:220 - loadIPPluginJar : add tracer_emb
2024-10-13 17:41:13,629 [INFO] IPUIPlugin:80 - create IPUIPlugin
2024-10-13 17:41:13,629 [INFO] PluginManager:220 - loadIPPluginJar : add ts
2024-10-13 17:41:13,639 [INFO] IPUIPlugin:80 - create IPUIPlugin
2024-10-13 17:41:13,639 [INFO] PluginManager:220 - loadIPPluginJar : add tsc
2024-10-13 17:41:13,648 [INFO] IPUIPlugin:80 - create IPUIPlugin
2024-10-13 17:41:13,648 [INFO] PluginManager:220 - loadIPPluginJar : add ucpd
2024-10-13 17:41:13,662 [INFO] IPUIPlugin:80 - create IPUIPlugin
2024-10-13 17:41:13,662 [INFO] PluginManager:220 - loadIPPluginJar : add usart
2024-10-13 17:41:13,676 [INFO] IPUIPlugin:80 - create IPUIPlugin
2024-10-13 17:41:13,678 [INFO] PluginManager:220 - loadIPPluginJar : add usbx
2024-10-13 17:41:13,785 [INFO] CADModel:165 - CPN selected for project level
2024-10-13 17:41:13,786 [INFO] CADModel:114 - Register for checkConnection events
2024-10-13 17:41:13,786 [FATAL] Updater:308 - Updater called before beeing initialized
2024-10-13 17:41:13,786 [ERROR] CADModel:125 - Updater not yet initialized, retry later 
2024-10-13 17:41:13,903 [INFO] CADModel:165 - CPN selected for project level
2024-10-13 17:41:13,903 [INFO] CADModel:114 - Register for checkConnection events
2024-10-13 17:41:13,903 [FATAL] Updater:308 - Updater called before beeing initialized
2024-10-13 17:41:13,903 [ERROR] CADModel:125 - Updater not yet initialized, retry later 
2024-10-13 17:41:13,905 [FATAL] Updater:308 - Updater called before beeing initialized
2024-10-13 17:41:13,978 [FATAL] Updater:308 - Updater called before beeing initialized
2024-10-13 17:41:13,983 [INFO] DbMcusAds:53 - JSON generation date=Fri Sep 20 15:04:23 CEST 2024 (1726837463113)
2024-10-13 17:41:13,985 [FATAL] Updater:308 - Updater called before beeing initialized
2024-10-13 17:41:14,067 [WARN] DetailPanel:346 - Failed to get advertising image, set to default
2024-10-13 17:41:14,187 [FATAL] Updater:308 - Updater called before beeing initialized
2024-10-13 17:41:14,188 [FATAL] Updater:308 - Updater called before beeing initialized
2024-10-13 17:41:14,188 [FATAL] Updater:308 - Updater called before beeing initialized
2024-10-13 17:41:14,188 [WARN] DetailPanel:346 - Failed to get advertising image, set to default
2024-10-13 17:41:14,189 [FATAL] Updater:308 - Updater called before beeing initialized
2024-10-13 17:41:14,226 [ERROR] Updater:1120 - MainUpdater not yet initialized. External WinMGr cannot be set.
2024-10-13 17:41:14,231 [INFO] Updater:1056 - Updater Version found : 6.10.0
2024-10-13 17:41:14,240 [INFO] ApplicationProperties:184 - Using Application install path: C:\ST\STM32CubeIDE_1.14.1\STM32CubeIDE\plugins\com.st.stm32cube.common.mx_6.10.0.202311202037
2024-10-13 17:41:14,298 [INFO] MainUpdater:526 - Copy updater definitions from MX database
2024-10-13 17:41:14,458 [INFO] MainUpdater:2873 - connection check result : 10
2024-10-13 17:41:14,458 [INFO] MainUpdater:3567 - Updater definition file requires update
2024-10-13 17:41:14,459 [INFO] MainUpdater:290 - Updater Check For Update Now.
2024-10-13 17:41:14,459 [INFO] MicroXplorer:498 - Change Database Version : DB.6.0.100
2024-10-13 17:41:14,465 [INFO] McuFinderGlobals:63 - Set McuFinder mode to 2 (CubeIDE integrated)
2024-10-13 17:41:14,498 [INFO] ServerAccessManage:473 - Download File updaters.zip
2024-10-13 17:41:14,587 [INFO] FileExtend:240 - Unzip File : updaters.zip
2024-10-13 17:41:14,588 [INFO] FileExtend:255 - Standard Zip Deflate
2024-10-13 17:41:14,761 [INFO] UserAuth:404 - Internet connection configuration mode: 1
2024-10-13 17:41:14,774 [INFO] JxBrowserEngine:152 - Initiate JxBrowser Engine with user profile folder
2024-10-13 17:41:14,813 [INFO] ServerAccessManage:473 - Download File PacksControlFlags.xml
2024-10-13 17:41:14,884 [INFO] ServerAccessManage:473 - Download File cubemx.pidx
2024-10-13 17:41:14,959 [INFO] LoadServerUpdatesThread:375 - End of LoadServerUpdate Thread
2024-10-13 17:41:15,121 [INFO] CheckServerUpdateThread:120 - End of CheckServer Thread
2024-10-13 17:41:15,309 [WARN] PackLoader:240 - Cannot read IP mode file for STMicroelectronics.FP-SNS-MOTENVWB1.1.4.0
2024-10-13 17:41:15,321 [WARN] PackLoader:240 - Cannot read IP mode file for STMicroelectronics.X-CUBE-SMBUS.2.1.0
2024-10-13 17:41:15,336 [WARN] PackLoader:240 - Cannot read IP mode file for STMicroelectronics.X-CUBE-WB05N.1.1.0
2024-10-13 17:41:15,344 [WARN] PackLoader:240 - Cannot read IP mode file for STMicroelectronics.X-CUBE-TOUCHGFX.4.23.0
2024-10-13 17:41:15,351 [WARN] PackLoader:240 - Cannot read IP mode file for STMicroelectronics.X-CUBE-TOUCHGFX.4.23.2
2024-10-13 17:41:15,387 [WARN] PackLoader:240 - Cannot read IP mode file for STMicroelectronics.X-CUBE-AZRTOS-F7.1.1.0
2024-10-13 17:41:15,402 [WARN] PackLoader:240 - Cannot read IP mode file for STMicroelectronics.FP-SNS-MOTENV1.4.3.2
2024-10-13 17:41:15,467 [WARN] PackLoader:240 - Cannot read IP mode file for STMicroelectronics.X-CUBE-MEMS1.11.0.0
2024-10-13 17:41:15,598 [WARN] PackLoader:240 - Cannot read IP mode file for STMicroelectronics.FP-SNS-FLIGHT1.5.0.2
2024-10-13 17:41:15,611 [WARN] PackLoader:240 - Cannot read IP mode file for STMicroelectronics.X-CUBE-DISPLAY.3.0.0
2024-10-13 17:41:15,623 [WARN] PackLoader:240 - Cannot read IP mode file for STMicroelectronics.X-CUBE-BLE1.7.0.0
2024-10-13 17:41:15,635 [WARN] PackLoader:240 - Cannot read IP mode file for STMicroelectronics.X-CUBE-NFC10.1.0.0
2024-10-13 17:41:15,645 [WARN] PackLoader:240 - Cannot read IP mode file for emotas.I-CUBE-CANOPEN.1.3.0
2024-10-13 17:41:15,688 [WARN] PackLoader:240 - Cannot read IP mode file for STMicroelectronics.X-CUBE-MEMS1.9.3.0
2024-10-13 17:41:15,938 [WARN] PackLoader:240 - Cannot read IP mode file for STMicroelectronics.X-CUBE-BLEMGR.3.1.0
2024-10-13 17:41:15,947 [WARN] PackLoader:240 - Cannot read IP mode file for STMicroelectronics.FP-SNS-SMARTAG2.1.2.0
2024-10-13 17:41:15,962 [INFO] LogOutputStream:77 - [STDOUT_REDIRECT] 1 : Invalid condition id : UX_CORESTACK_Condition cause : null
2024-10-13 17:41:15,962 [INFO] LogOutputStream:77 - [STDOUT_REDIRECT] 1 : Invalid condition id : UX_CORESTACK_Condition cause : null
2024-10-13 17:41:15,963 [INFO] LogOutputStream:77 - [STDOUT_REDIRECT] 1 : Invalid condition id : UX_CORESTACK_Condition cause : null
2024-10-13 17:41:15,964 [INFO] LogOutputStream:77 - [STDOUT_REDIRECT] 1 : Invalid condition id : UX_CORESTACK_Condition cause : null
2024-10-13 17:41:15,964 [INFO] LogOutputStream:77 - [STDOUT_REDIRECT] 1 : Invalid condition id : UX_CORESTACK_Condition cause : null
2024-10-13 17:41:15,967 [WARN] PackLoader:240 - Cannot read IP mode file for STMicroelectronics.X-CUBE-AZRTOS-WL.2.0.0
2024-10-13 17:41:15,973 [WARN] PackLoader:240 - Cannot read IP mode file for STMicroelectronics.FP-SNS-MOTENV1.5.0.0
2024-10-13 17:41:15,981 [WARN] PackLoader:240 - Cannot read IP mode file for wolfSSL.I-CUBE-wolfMQTT.1.19.0
2024-10-13 17:41:15,990 [WARN] PackLoader:240 - Cannot read IP mode file for WES.I-CUBE-Cesium.1.3.0
2024-10-13 17:41:15,997 [WARN] PackLoader:240 - Cannot read IP mode file for STMicroelectronics.X-CUBE-BLE2.3.3.0
2024-10-13 17:41:16,007 [WARN] PackLoader:240 - Cannot read IP mode file for STMicroelectronics.X-CUBE-NFC9.1.0.0
2024-10-13 17:41:16,017 [WARN] PackLoader:240 - Cannot read IP mode file for STMicroelectronics.X-CUBE-TCPP.4.1.0
2024-10-13 17:41:16,026 [WARN] PackLoader:240 - Cannot read IP mode file for STMicroelectronics.X-CUBE-ALGOBUILD.1.3.0
2024-10-13 17:41:16,046 [WARN] PackLoader:240 - Cannot read IP mode file for STMicroelectronics.X-CUBE-AZRTOS-G0.1.1.0
2024-10-13 17:41:16,058 [WARN] PackLoader:240 - Cannot read IP mode file for STMicroelectronics.X-CUBE-SAFEA1.1.2.2
2024-10-13 17:41:16,067 [WARN] PackLoader:240 - Cannot read IP mode file for STMicroelectronics.X-CUBE-NFC4.3.0.0
2024-10-13 17:41:16,081 [WARN] PackLoader:240 - Cannot read IP mode file for EmbeddedOffice.I-CUBE-FS-RTOS.1.0.1
2024-10-13 17:41:16,081 [ERROR] ConditionMgr:805 - Attr not supported : Dmpu
2024-10-13 17:41:16,081 [ERROR] ConditionMgr:805 - Attr not supported : Dmpu
2024-10-13 17:41:16,081 [ERROR] ConditionMgr:805 - Attr not supported : Dmpu
2024-10-13 17:41:16,081 [ERROR] ConditionMgr:805 - Attr not supported : Dmpu
2024-10-13 17:41:16,081 [ERROR] ConditionMgr:805 - Attr not supported : Dmpu
2024-10-13 17:41:16,082 [ERROR] ConditionMgr:805 - Attr not supported : Dmpu
2024-10-13 17:41:16,082 [ERROR] ConditionMgr:805 - Attr not supported : Dmpu
2024-10-13 17:41:16,082 [ERROR] ConditionMgr:805 - Attr not supported : Dmpu
2024-10-13 17:41:16,082 [ERROR] ConditionMgr:805 - Attr not supported : Dmpu
2024-10-13 17:41:16,082 [ERROR] ConditionMgr:805 - Attr not supported : Dmpu
2024-10-13 17:41:16,082 [ERROR] ConditionMgr:805 - Attr not supported : Dmpu
2024-10-13 17:41:16,082 [ERROR] ConditionMgr:805 - Attr not supported : Dmpu
2024-10-13 17:41:16,082 [ERROR] ConditionMgr:805 - Attr not supported : Dmpu
2024-10-13 17:41:16,082 [ERROR] ConditionMgr:805 - Attr not supported : Dmpu
2024-10-13 17:41:16,082 [ERROR] ConditionMgr:805 - Attr not supported : Dmpu
2024-10-13 17:41:16,082 [ERROR] ConditionMgr:805 - Attr not supported : Dmpu
2024-10-13 17:41:16,082 [ERROR] ConditionMgr:805 - Attr not supported : Dmpu
2024-10-13 17:41:16,082 [ERROR] ConditionMgr:805 - Attr not supported : Dmpu
2024-10-13 17:41:16,082 [ERROR] ConditionMgr:805 - Attr not supported : Dmpu
2024-10-13 17:41:16,083 [ERROR] ConditionMgr:805 - Attr not supported : Dmpu
2024-10-13 17:41:16,083 [ERROR] ConditionMgr:805 - Attr not supported : Dmpu
2024-10-13 17:41:16,083 [ERROR] ConditionMgr:805 - Attr not supported : Dmpu
2024-10-13 17:41:16,083 [ERROR] ConditionMgr:805 - Attr not supported : Dmpu
2024-10-13 17:41:16,083 [ERROR] ConditionMgr:805 - Attr not supported : Dmpu
2024-10-13 17:41:16,083 [ERROR] ConditionMgr:805 - Attr not supported : Dmpu
2024-10-13 17:41:16,083 [ERROR] ConditionMgr:805 - Attr not supported : Dmpu
2024-10-13 17:41:16,083 [ERROR] ConditionMgr:805 - Attr not supported : Dmpu
2024-10-13 17:41:16,083 [ERROR] ConditionMgr:805 - Attr not supported : Dmpu
2024-10-13 17:41:16,083 [ERROR] ConditionMgr:805 - Attr not supported : Dmpu
2024-10-13 17:41:16,083 [ERROR] ConditionMgr:805 - Attr not supported : Dmpu
2024-10-13 17:41:16,083 [ERROR] ConditionMgr:805 - Attr not supported : Dmpu
2024-10-13 17:41:16,083 [ERROR] ConditionMgr:805 - Attr not supported : Dmpu
2024-10-13 17:41:16,083 [ERROR] ConditionMgr:805 - Attr not supported : Dmpu
2024-10-13 17:41:16,083 [ERROR] ConditionMgr:805 - Attr not supported : Dmpu
2024-10-13 17:41:16,083 [ERROR] ConditionMgr:805 - Attr not supported : Dmpu
2024-10-13 17:41:16,083 [ERROR] ConditionMgr:805 - Attr not supported : Dmpu
2024-10-13 17:41:16,083 [ERROR] ConditionMgr:805 - Attr not supported : Dmpu
2024-10-13 17:41:16,083 [ERROR] ConditionMgr:805 - Attr not supported : Dmpu
2024-10-13 17:41:16,083 [ERROR] ConditionMgr:805 - Attr not supported : Dmpu
2024-10-13 17:41:16,085 [ERROR] ConditionMgr:805 - Attr not supported : Dmpu
2024-10-13 17:41:16,085 [ERROR] ConditionMgr:805 - Attr not supported : Dmpu
2024-10-13 17:41:16,085 [ERROR] ConditionMgr:805 - Attr not supported : Dmpu
2024-10-13 17:41:16,085 [ERROR] ConditionMgr:805 - Attr not supported : Dmpu
2024-10-13 17:41:16,085 [ERROR] ConditionMgr:805 - Attr not supported : Dmpu
2024-10-13 17:41:16,085 [ERROR] ConditionMgr:805 - Attr not supported : Dmpu
2024-10-13 17:41:16,085 [ERROR] ConditionMgr:805 - Attr not supported : Dmpu
2024-10-13 17:41:16,085 [ERROR] ConditionMgr:805 - Attr not supported : Dmpu
2024-10-13 17:41:16,085 [ERROR] ConditionMgr:805 - Attr not supported : Dmpu
2024-10-13 17:41:16,085 [ERROR] ConditionMgr:805 - Attr not supported : Dmpu
2024-10-13 17:41:16,085 [ERROR] ConditionMgr:805 - Attr not supported : Dmpu
2024-10-13 17:41:16,085 [ERROR] ConditionMgr:805 - Attr not supported : Dmpu
2024-10-13 17:41:16,085 [ERROR] ConditionMgr:805 - Attr not supported : Dmpu
2024-10-13 17:41:16,085 [ERROR] ConditionMgr:805 - Attr not supported : Dmpu
2024-10-13 17:41:16,086 [ERROR] ConditionMgr:805 - Attr not supported : Dmpu
2024-10-13 17:41:16,086 [ERROR] ConditionMgr:805 - Attr not supported : Dmpu
2024-10-13 17:41:16,086 [ERROR] ConditionMgr:805 - Attr not supported : Dmpu
2024-10-13 17:41:16,086 [ERROR] ConditionMgr:805 - Attr not supported : Dmpu
2024-10-13 17:41:16,086 [ERROR] ConditionMgr:805 - Attr not supported : Dmpu
2024-10-13 17:41:16,086 [ERROR] ConditionMgr:805 - Attr not supported : Dmpu
2024-10-13 17:41:16,086 [ERROR] ConditionMgr:805 - Attr not supported : Dmpu
2024-10-13 17:41:16,086 [ERROR] ConditionMgr:805 - Attr not supported : Dmpu
2024-10-13 17:41:16,086 [ERROR] ConditionMgr:805 - Attr not supported : Dmpu
2024-10-13 17:41:16,086 [ERROR] ConditionMgr:805 - Attr not supported : Dmpu
2024-10-13 17:41:16,086 [ERROR] ConditionMgr:805 - Attr not supported : Dmpu
2024-10-13 17:41:16,093 [WARN] PackLoader:240 - Cannot read IP mode file for RealThread.X-CUBE-RT-Thread_Nano.4.1.1
2024-10-13 17:41:16,101 [WARN] PackLoader:240 - Cannot read IP mode file for STMicroelectronics.FP-ATR-SIGFOX1.3.2.0
2024-10-13 17:41:16,111 [WARN] PackLoader:240 - Cannot read IP mode file for STMicroelectronics.X-CUBE-EEPRMA1.5.1.0
2024-10-13 17:41:16,136 [WARN] PackLoader:240 - Cannot read IP mode file for SEGGER.I-CUBE-embOS.1.3.1
2024-10-13 17:41:16,166 [WARN] PackLoader:240 - Cannot read IP mode file for STMicroelectronics.X-CUBE-ALGOBUILD.1.4.0
2024-10-13 17:41:16,174 [WARN] PackLoader:240 - Cannot read IP mode file for STMicroelectronics.X-CUBE-AI.9.1.0
2024-10-13 17:41:16,183 [WARN] PackLoader:240 - Cannot read IP mode file for STMicroelectronics.X-CUBE-GNSS1.6.0.0
2024-10-13 17:41:16,209 [WARN] PackLoader:240 - Cannot read IP mode file for STMicroelectronics.X-CUBE-AZRTOS-F4.1.1.0
2024-10-13 17:41:16,221 [WARN] PackLoader:240 - Cannot read IP mode file for STMicroelectronics.X-CUBE-ISPU.2.1.0
2024-10-13 17:41:16,231 [WARN] PackLoader:240 - Cannot read IP mode file for STMicroelectronics.X-CUBE-FREERTOS.1.2.0
2024-10-13 17:41:16,238 [WARN] PackLoader:240 - Cannot read IP mode file for wolfSSL.I-CUBE-wolfSSL.5.6.6
2024-10-13 17:41:16,259 [WARN] PackLoader:240 - Cannot read IP mode file for STMicroelectronics.X-CUBE-AZRTOS-L5.2.0.0
2024-10-13 17:41:16,303 [WARN] PackLoader:240 - Cannot read IP mode file for STMicroelectronics.X-CUBE-MEMS1.9.6.0
2024-10-13 17:41:16,421 [WARN] PackLoader:240 - Cannot read IP mode file for STMicroelectronics.X-CUBE-NFC6.3.1.0
2024-10-13 17:41:16,433 [WARN] PackLoader:240 - Cannot read IP mode file for ITTIA_DB.I-CUBE-ITTIADB.8.8.0
2024-10-13 17:41:16,444 [WARN] PackLoader:240 - Cannot read IP mode file for STMicroelectronics.X-CUBE-DPower.1.2.0
2024-10-13 17:41:16,453 [WARN] PackLoader:240 - Cannot read IP mode file for STMicroelectronics.X-CUBE-AI.9.0.0
2024-10-13 17:41:16,462 [WARN] PackLoader:240 - Cannot read IP mode file for STMicroelectronics.X-CUBE-NFC7.1.0.1
2024-10-13 17:41:16,472 [WARN] PackLoader:240 - Cannot read IP mode file for STMicroelectronics.X-CUBE-NFC6.3.0.0
2024-10-13 17:41:16,480 [WARN] PackLoader:240 - Cannot read IP mode file for STMicroelectronics.X-CUBE-AI.8.1.0
2024-10-13 17:41:16,578 [WARN] ConditionMgr:438 - getConditionDescription Invalid condition id : LAN8742 Phy interface Condition cause : null
2024-10-13 17:41:16,579 [WARN] PackLoader:240 - Cannot read IP mode file for STMicroelectronics.X-CUBE-AZRTOS-L4.2.0.0
2024-10-13 17:41:16,580 [WARN] ConditionMgr:1039 - genDependencies : Invalid condition id : LAN8742 Phy interface Condition cause : null
2024-10-13 17:41:16,580 [WARN] ConditionMgr:1039 - genDependencies : Invalid condition id : LAN8742 Phy interface Condition cause : null
2024-10-13 17:41:16,580 [WARN] ConditionMgr:1039 - genDependencies : Invalid condition id : LAN8742 Phy interface Condition cause : null
2024-10-13 17:41:16,594 [WARN] PackLoader:240 - Cannot read IP mode file for STMicroelectronics.X-CUBE-SFXS2LP1.4.0.0
2024-10-13 17:41:16,627 [WARN] PackLoader:240 - Cannot read IP mode file for STMicroelectronics.X-CUBE-AZRTOS-H7.3.3.0
2024-10-13 17:41:16,646 [WARN] PackLoader:240 - Cannot read IP mode file for STMicroelectronics.X-CUBE-IPS.3.0.0
2024-10-13 17:41:16,671 [WARN] ConditionMgr:438 - getConditionDescription Invalid condition id : UX DEVICE CLASS RTOS Condition cause : null
2024-10-13 17:41:16,671 [WARN] ConditionMgr:438 - getConditionDescription Invalid condition id : UX DEVICE CLASS RTOS Condition cause : null
2024-10-13 17:41:16,672 [WARN] PackLoader:240 - Cannot read IP mode file for STMicroelectronics.X-CUBE-AZRTOS-WB.2.0.0
2024-10-13 17:41:16,673 [WARN] ConditionMgr:1039 - genDependencies : Invalid condition id : UX DEVICE CLASS RTOS Condition cause : null
2024-10-13 17:41:16,673 [WARN] ConditionMgr:1039 - genDependencies : Invalid condition id : UX DEVICE CLASS RTOS Condition cause : null
2024-10-13 17:41:16,673 [WARN] ConditionMgr:1039 - genDependencies : Invalid condition id : UX DEVICE CLASS RTOS Condition cause : null
2024-10-13 17:41:16,673 [WARN] ConditionMgr:1039 - genDependencies : Invalid condition id : UX DEVICE CLASS RTOS Condition cause : null
2024-10-13 17:41:16,674 [WARN] ConditionMgr:1039 - genDependencies : Invalid condition id : UX DEVICE CLASS RTOS Condition cause : null
2024-10-13 17:41:16,685 [WARN] PackLoader:240 - Cannot read IP mode file for STMicroelectronics.X-CUBE-GNSS1.7.0.0
2024-10-13 17:41:16,698 [WARN] PackLoader:240 - Cannot read IP mode file for STMicroelectronics.FP-SNS-STBOX1.2.0.0
2024-10-13 17:41:16,718 [WARN] PackLoader:240 - Cannot read IP mode file for STMicroelectronics.X-CUBE-SUBG2.5.0.0
2024-10-13 17:41:16,752 [WARN] PackLoader:240 - Cannot read IP mode file for STMicroelectronics.X-CUBE-AZRTOS-G4.2.0.0
2024-10-13 17:41:16,773 [WARN] PackLoader:240 - Cannot read IP mode file for Infineon.AIROC-Wi-Fi-Bluetooth-STM32.1.5.1
2024-10-13 17:41:16,783 [WARN] PackLoader:240 - Cannot read IP mode file for STMicroelectronics.FP-SNS-MOTENVWB1.1.3.1
2024-10-13 17:41:16,792 [WARN] PackLoader:240 - Cannot read IP mode file for STMicroelectronics.X-CUBE-ISPU.2.0.0
2024-10-13 17:41:16,801 [WARN] PackLoader:240 - Cannot read IP mode file for STMicroelectronics.X-CUBE-ALS.1.0.2
2024-10-13 17:41:16,832 [INFO] WebApp:161 - Instantiating new browser for Auth
2024-10-13 17:41:16,839 [WARN] PackLoader:240 - Cannot read IP mode file for STMicroelectronics.X-CUBE-MEMS1.10.0.0
2024-10-13 17:41:17,052 [WARN] PackLoader:240 - Cannot read IP mode file for STMicroelectronics.X-CUBE-FREERTOS.1.1.0
2024-10-13 17:41:17,062 [WARN] PackLoader:240 - Cannot read IP mode file for STMicroelectronics.X-CUBE-TOUCHGFX.4.24.0
2024-10-13 17:41:17,070 [WARN] PackLoader:240 - Cannot read IP mode file for STMicroelectronics.X-CUBE-TOUCHGFX.4.24.1
2024-10-13 17:41:17,078 [WARN] PackLoader:240 - Cannot read IP mode file for wolfSSL.I-CUBE-wolfTPM.3.4.0
2024-10-13 17:41:17,088 [WARN] PackLoader:240 - Cannot read IP mode file for portGmbH.I-Cube-SoM-uGOAL.1.1.0
2024-10-13 17:41:17,096 [WARN] PackLoader:240 - Cannot read IP mode file for STMicroelectronics.X-CUBE-ALS.1.0.1
2024-10-13 17:41:17,121 [WARN] PackLoader:240 - Cannot read IP mode file for STMicroelectronics.X-CUBE-AZRTOS-H7RS.1.0.0
2024-10-13 17:41:17,129 [WARN] PackLoader:240 - Cannot read IP mode file for STMicroelectronics.FP-ATR-ASTRA1.2.0.0
2024-10-13 17:41:17,147 [WARN] PackLoader:240 - Cannot read IP mode file for STMicroelectronics.X-CUBE-TOF1.3.4.2
2024-10-13 17:41:17,170 [WARN] PackLoader:240 - Cannot read IP mode file for STMicroelectronics.X-CUBE-TOF1.3.4.1
2024-10-13 17:41:17,210 [WARN] PackLoader:240 - Cannot read IP mode file for STMicroelectronics.X-CUBE-AZRTOS-H7.3.2.0
2024-10-13 17:41:17,219 [WARN] PackLoader:240 - Cannot read IP mode file for wolfSSL.I-CUBE-wolfSSH.1.4.17
2024-10-13 17:41:17,220 [INFO] ThirdParty:978 - Integrity check success = true
2024-10-13 17:41:17,220 [INFO] IntegrityCheckThread:100 - exiting critical section [integrity check]
2024-10-13 17:41:17,220 [INFO] IntegrityCheckThread:103 - End integrity checks thread
2024-10-13 17:41:17,326 [INFO] WebApp:780 - Register for checkConnection events
2024-10-13 17:41:17,327 [INFO] WebApp:414 - Apply proxy settings
2024-10-13 17:41:17,327 [INFO] WebApp:499 - Chromium requires no authentication
2024-10-13 17:41:17,333 [INFO] WebApp:442 - Direct internet connection detected
2024-10-13 17:41:17,501 [INFO] WebApp:192 - Starting web application
2024-10-13 17:41:17,501 [INFO] WebApp:544 - Web application path used C:\ST\STM32CubeIDE_1.14.1\STM32CubeIDE\plugins\com.st.stm32cube.common.mx_6.10.0.202311202037\db\plugins\mcufinder\reactClient1\index.html
2024-10-13 17:41:38,186 [ERROR] LogOutputStream:75 - [STDERR_REDIRECT] SLF4J: Failed to load class "org.slf4j.impl.StaticLoggerBinder".
2024-10-13 17:41:38,186 [ERROR] LogOutputStream:75 - [STDERR_REDIRECT] SLF4J: Defaulting to no-operation (NOP) logger implementation
2024-10-13 17:41:38,187 [ERROR] LogOutputStream:75 - [STDERR_REDIRECT] SLF4J: See http://www.slf4j.org/codes.html#StaticLoggerBinder for further details.
2024-10-13 17:42:32,081 [INFO] McuFinderGlobals:63 - Set McuFinder mode to 2 (CubeIDE integrated)
2024-10-13 17:42:32,094 [INFO] MainUpdater:2873 - connection check result : 10
2024-10-13 17:42:32,097 [INFO] MainUpdater:2873 - connection check result : 10
2024-10-13 17:42:32,206 [INFO] MicroXplorer:468 - Change Database Path : 
2024-10-13 17:42:32,206 [INFO] MicroXplorer:498 - Change Database Version : DB.6.0.100
2024-10-13 17:42:32,209 [WARN] ThirdParty:871 - waiting for thirdparty lock release [close project]
2024-10-13 17:42:32,209 [INFO] ThirdParty:873 - entering critical section [close project]
2024-10-13 17:42:32,210 [INFO] ThirdParty:883 - exiting critical section [close project]
2024-10-13 17:42:32,211 [INFO] PinOutPanel:1499 - setPackage(No Configuration,No Configuration)
2024-10-13 17:42:32,213 [INFO] UtilMem:75 - Begin LoadConfig() Used Memory: 717412152 Bytes (1073741824)
2024-10-13 17:42:36,530 [INFO] MicroXplorer:468 - Change Database Path : 
2024-10-13 17:42:36,530 [INFO] MicroXplorer:498 - Change Database Version : DB.6.0.100
2024-10-13 17:42:36,530 [INFO] OpenFileManager:312 - Change cursor
2024-10-13 17:42:36,669 [INFO] ApiDb:581 - Connected to CubeFinder SQLite database (C:\Users\Ivan\.stmcufinder\plugins\mcufinder\mcu\cube-finder-db.db)
2024-10-13 17:42:36,730 [INFO] ApiDb:668 - CubeFinder database Data Model version=2.1
2024-10-13 17:42:36,730 [INFO] ApiDb:669 - CubeFinder database Configuration version=3.0.39
2024-10-13 17:42:36,730 [INFO] ApiDb:670 - CubeFinder database generation date=2024-09-16 (1726485674)
2024-10-13 17:42:36,731 [INFO] ApiDb:671 - CubeFinder database FW Pack versions=[FP-ATR-ASTRA1_V2.0.0, FP-SNS-FLIGHT1_V5.0.2, FP-SNS-MOTENV1_V5.0.0, FP-SNS-MOTENVWB1_V1.4.0, FP-SNS-SMARTAG2_V1.2.0, FP-SNS-STBOX1_V2.0.0, STM32Cube_FW_C0_V1.2.0, STM32Cube_FW_F4_V1.28.1, STM32Cube_FW_F7_V1.17.2, STM32Cube_FW_G0_V1.6.2, STM32Cube_FW_G4_V1.6.0, STM32Cube_FW_H5_V1.3.0, STM32Cube_FW_H7RS_V1.1.0, STM32Cube_FW_H7_V1.11.2, STM32Cube_FW_L0_V1.12.2, STM32Cube_FW_L5_V1.5.1, STM32Cube_FW_U0_V1.1.0, STM32Cube_FW_U5_V1.6.0, STM32Cube_FW_WB0_V1.0.0, STM32Cube_FW_WBA_V1.4.1, STM32Cube_FW_WB_V1.20.0, STM32Cube_FW_WL_V1.3.0, X-CUBE-ALGOBUILD_V1.4.0, X-CUBE-ALS_V1.0.2, X-CUBE-AZRTOS-F4_V1.1.0, X-CUBE-AZRTOS-F7_V1.1.0, X-CUBE-AZRTOS-G0_V1.1.0, X-CUBE-AZRTOS-G4_V2.0.0, X-CUBE-AZRTOS-H7RS_V1.0.0, X-CUBE-AZRTOS-H7_V3.2.0, X-CUBE-AZRTOS-L4_V2.0.0, X-CUBE-AZRTOS-L5_V2.0.0, X-CUBE-AZRTOS-WB_V2.0.0, X-CUBE-AZRTOS-WL_V2.0.0, X-CUBE-BLE1_V7.0.0, X-CUBE-BLE2_V3.3.0, X-CUBE-BLEMGR_V3.1.0, X-CUBE-EEPRMA1_V5.1.0, X-CUBE-FREERTOS_V1.2.0, X-CUBE-GNSS1_V6.0.0, X-CUBE-MEMS1_V11.0.0, X-CUBE-NFC4_V3.0.0, X-CUBE-NFC7_V1.0.1, X-CUBE-SFXS2LP1_V4.0.0, X-CUBE-SUBG2_V5.0.0, X-CUBE-TOF1_V3.4.2]
2024-10-13 17:42:36,819 [INFO] DbBoardsSqlite:226 - include board P-NUCLEO-WB55-NUCLEO as a kit item of type 'Nucleo-64'
2024-10-13 17:42:36,819 [INFO] DbBoardsSqlite:226 - include board P-NUCLEO-WB55-USBDONGLE as a kit item of type 'Nucleo USB Dongle'
2024-10-13 17:42:36,820 [INFO] DbBoardsSqlite:226 - include board STEVAL-IDP005V1 as a kit item of type 'Evaluation Board'
2024-10-13 17:42:36,820 [INFO] DbBoardsSqlite:226 - include board STEVAL-IDP005V2 as a kit item of type 'Evaluation Board'
2024-10-13 17:42:37,133 [INFO] ApiDb:240 - Found 371 in-development CPN: [B-G473E-ZEST1S, B-WB1M-WPAN1, B-WL5M-SUBG1, NUCLEO-C031C6, NUCLEO-H503RB, NUCLEO-H563ZI, NUCLEO-U545RE-Q, NUCLEO-U5A5ZJ-Q, NUCLEO-WBA52CG, NUCLEO-WBA55CG, STEVAL-MKBOXPRO, STEVAL-PROTEUS1, STEVAL-STWINBX1, STM320518-EVAL, STM32C0116-DK, STM32C011D6Y3TR, STM32C011D6Y6TR, STM32C011F4P3, STM32C011F4P6, STM32C011F4U3, STM32C011F4U6TR, STM32C011F6P3, STM32C011F6P6, STM32C011F6U3, STM32C011F6U6TR, STM32C011J4M3, STM32C011J4M6, STM32C011J6M3, STM32C011J6M6, STM32C0316-DK, STM32C031C4T3, STM32C031C4T6, STM32C031C4U3, STM32C031C4U6, STM32C031C6T3, STM32C031C6T6, STM32C031C6U3, STM32C031C6U6, STM32C031F4P3, STM32C031F4P6, STM32C031F6P3, STM32C031F6P6, STM32C031G4U3, STM32C031G4U6, STM32C031G6U3, STM32C031G6U6, STM32C031K4T3, STM32C031K4T6, STM32C031K4U3, STM32C031K4U6, STM32C031K6T3, STM32C031K6T6, STM32C031K6U3, STM32C031K6U6, STM32G071K8TXN, STM32G071K8UXN, STM32G081GBU6N, STM32G081KBT6N, STM32G081KBUXN, STM32G0B1CCT6N, STM32G0B1KCT6, STM32G0B1NEY6TR, STM32G0B1RCT6N, STM32G0C1CCT6, STM32G0C1CCT6N, STM32G0C1CCU6N, STM32G0C1CET6N, STM32G0C1CEU6N, STM32G0C1KCT6, STM32G0C1NEY6TR, STM32G0C1RCI6N, STM32G0C1RCT6N, STM32G0C1REI6N, STM32G0C1RET6N, STM32G0C1VCI6, STM32G0C1VEI6, STM32G471CCT6, STM32G471CCU6, STM32G471CET3, STM32G471CET6, STM32G471CEU3, STM32G471CEU6, STM32G471MCT6, STM32G471MET3, STM32G471MET6, STM32G471MEY6TR, STM32G471QCT6, STM32G471QET3, STM32G471RCT6, STM32G471RET3, STM32G471RET6, STM32G471VCH6, STM32G471VCI6, STM32G471VCT6, STM32G471VEH3, STM32G471VEH6, STM32G471VEI3, STM32G471VEI6, STM32G471VET3, STM32G471VET6, STM32G474CCT6, STM32H503CBT6, STM32H503CBU6, STM32H503EBY6TR, STM32H503KBU6, STM32H503RBT6, STM32H562AGI6, STM32H562AII6, STM32H562IGK6, STM32H562IGT6, STM32H562IIK6, STM32H562IIT6, STM32H562RGT6, STM32H562RGV6, STM32H562RIT6, STM32H562RIV6, STM32H562VGT6, STM32H562VIT6, STM32H562ZGT6, STM32H562ZIT6, STM32H563AGI6, STM32H563AII3Q, STM32H563AII6, STM32H563IGK6, STM32H563IGT6, STM32H563IIK3Q, STM32H563IIK6, STM32H563IIT3Q, STM32H563IIT6, STM32H563MIY3QTR, STM32H563RGT6, STM32H563RGV6, STM32H563RIT6, STM32H563RIV6, STM32H563VGT6, STM32H563VIT3Q, STM32H563VIT6, STM32H563ZGT6, STM32H563ZIT3Q, STM32H563ZIT6, STM32H573AII3Q, STM32H573AII6, STM32H573I-DK, STM32H573IIK3Q, STM32H573IIK6, STM32H573IIT3Q, STM32H573IIT6, STM32H573MIY3QTR, STM32H573RIT6, STM32H573RIV6, STM32H573VIT3Q, STM32H573VIT6, STM32H573ZIT3Q, STM32H573ZIT6, STM32L4R5QGI6STR, STM32MP131AAE3, STM32MP131AAF3, STM32MP131AAG3, STM32MP131CAE3, STM32MP131CAF3, STM32MP131CAG3, STM32MP131DAE7, STM32MP131DAF7, STM32MP131DAG7, STM32MP131FAE7, STM32MP131FAF7, STM32MP131FAG7, STM32MP133AAE3, STM32MP133AAF3, STM32MP133AAG3, STM32MP133CAE3, STM32MP133CAF3, STM32MP133CAG3, STM32MP133DAE7, STM32MP133DAF7, STM32MP133DAG7, STM32MP133FAE7, STM32MP133FAF7, STM32MP133FAG7, STM32MP135AAE3, STM32MP135AAF3, STM32MP135AAG3, STM32MP135CAE3, STM32MP135CAF3, STM32MP135CAG3, STM32MP135DAE7, STM32MP135DAF7, STM32MP135DAG7, STM32MP135F-DK, STM32MP135FAE7, STM32MP135FAF7, STM32MP135FAF7T, STM32MP135FAF7U, STM32MP135FAG7, STM32U535CBT6, STM32U535CBT6Q, STM32U535CBU6, STM32U535CBU6Q, STM32U535CCT6, STM32U535CCT6Q, STM32U535CCU6, STM32U535CCU6Q, STM32U535CET6, STM32U535CET6Q, STM32U535CEU6, STM32U535CEU6Q, STM32U535JEY6QTR, STM32U535NCY6QTR, STM32U535NEY6QTR, STM32U535RBI6, STM32U535RBI6Q, STM32U535RBT6, STM32U535RBT6Q, STM32U535RCI6, STM32U535RCI6Q, STM32U535RCT6, STM32U535RCT6Q, STM32U535REI6, STM32U535REI6Q, STM32U535RET6, STM32U535RET6Q, STM32U535VCI6, STM32U535VCI6Q, STM32U535VCT6, STM32U535VCT6Q, STM32U535VEI6, STM32U535VEI6Q, STM32U535VET6, STM32U535VET6Q, STM32U545CET6, STM32U545CET6Q, STM32U545CEU6, STM32U545CEU6Q, STM32U545JEY6QTR, STM32U545NEY6QTR, STM32U545REI6, STM32U545REI6Q, STM32U545RET6, STM32U545RET6Q, STM32U545VEI6, STM32U545VEI6Q, STM32U545VET6, STM32U545VET6Q, STM32U595AIH6, STM32U595AIH6Q, STM32U595AJH6, STM32U595AJH6Q, STM32U595QII6, STM32U595QII6Q, STM32U595QJI6, STM32U595QJI6Q, STM32U595RIT6, STM32U595RIT6Q, STM32U595RJT6, STM32U595RJT6Q, STM32U595VIT6, STM32U595VIT6Q, STM32U595VJT6, STM32U595VJT6Q, STM32U595ZIT6, STM32U595ZIT6Q, STM32U595ZIY6QTR, STM32U595ZJT6, STM32U595ZJT6Q, STM32U595ZJY6QTR, STM32U599BJY6QTR, STM32U599NIH6Q, STM32U599NJH6Q, STM32U599VIT6Q, STM32U599VJT6, STM32U599VJT6Q, STM32U599ZIT6Q, STM32U599ZIY6QTR, STM32U599ZJT6Q, STM32U599ZJY6QTR, STM32U5A5AJH6, STM32U5A5AJH6Q, STM32U5A5QJI6, STM32U5A5QJI6Q, STM32U5A5RJT6, STM32U5A5RJT6Q, STM32U5A5VJT6, STM32U5A5VJT6Q, STM32U5A5ZJT6, STM32U5A5ZJT6Q, STM32U5A5ZJY6QTR, STM32U5A9BJY6QTR, STM32U5A9J-DK, STM32U5A9NJH6Q, STM32U5A9VJT6Q, STM32U5A9ZJT6Q, STM32U5A9ZJY6QTR, STM32U5F7VIT6, STM32U5F7VIT6Q, STM32U5F7VJT6, STM32U5F7VJT6Q, STM32U5F9BJY6QTR, STM32U5F9NJH6Q, STM32U5F9VIT6Q, STM32U5F9VJT6Q, STM32U5F9ZIJ6QTR, STM32U5F9ZIT6Q, STM32U5F9ZJJ6QTR, STM32U5F9ZJT6Q, STM32U5G7VJT6, STM32U5G7VJT6Q, STM32U5G9BJY6QTR, STM32U5G9J-DK1, STM32U5G9J-DK2, STM32U5G9NJH6Q, STM32U5G9VJT6Q, STM32U5G9ZJJ6QTR, STM32U5G9ZJT6Q, STM32WB1MMCH6, STM32WBA50KEU6, STM32WBA50KEU6TR, STM32WBA50KGU6, STM32WBA50KGU6TR, STM32WBA52CEU6, STM32WBA52CEU6TR, STM32WBA52CEU7, STM32WBA52CEU7TR, STM32WBA52CGU6, STM32WBA52CGU6TR, STM32WBA52CGU6U, STM32WBA52CGU7, STM32WBA52CGU7TR, STM32WBA52KEU6, STM32WBA52KEU6TR, STM32WBA52KGU6, STM32WBA52KGU6TR, STM32WBA54CEU6, STM32WBA54CEU6TR, STM32WBA54CEU7, STM32WBA54CEU7TR, STM32WBA54CGU6, STM32WBA54CGU6TR, STM32WBA54CGU7, STM32WBA54CGU7TR, STM32WBA54KEU6, STM32WBA54KEU6TR, STM32WBA54KEU7, STM32WBA54KEU7TR, STM32WBA54KGU6, STM32WBA54KGU6TR, STM32WBA54KGU7, STM32WBA54KGU7TR, STM32WBA55CEU6, STM32WBA55CEU6TR, STM32WBA55CEU7, STM32WBA55CEU7TR, STM32WBA55CGU6, STM32WBA55CGU6TR, STM32WBA55CGU6U, STM32WBA55CGU7, STM32WBA55CGU7TR, STM32WBA55G-DK1, STM32WBA55HEF6, STM32WBA55HEF7, STM32WBA55HGF6, STM32WBA55HGF7, STM32WBA55UEI6, STM32WBA55UEI6TR, STM32WBA55UEI7, STM32WBA55UEI7TR, STM32WBA55UGI6, STM32WBA55UGI6TR, STM32WBA55UGI7, STM32WBA55UGI7TR, STM32WL5MOCH6, STM32WL5MOCH6TR]
2024-10-13 17:42:37,137 [INFO] ApiDb:668 - CubeFinder database Data Model version=2.1
2024-10-13 17:42:37,137 [INFO] ApiDb:669 - CubeFinder database Configuration version=3.0.39
2024-10-13 17:42:37,137 [INFO] ApiDb:670 - CubeFinder database generation date=2024-09-16 (1726485674)
2024-10-13 17:42:37,137 [INFO] ApiDb:671 - CubeFinder database FW Pack versions=[FP-ATR-ASTRA1_V2.0.0, FP-SNS-FLIGHT1_V5.0.2, FP-SNS-MOTENV1_V5.0.0, FP-SNS-MOTENVWB1_V1.4.0, FP-SNS-SMARTAG2_V1.2.0, FP-SNS-STBOX1_V2.0.0, STM32Cube_FW_C0_V1.2.0, STM32Cube_FW_F4_V1.28.1, STM32Cube_FW_F7_V1.17.2, STM32Cube_FW_G0_V1.6.2, STM32Cube_FW_G4_V1.6.0, STM32Cube_FW_H5_V1.3.0, STM32Cube_FW_H7RS_V1.1.0, STM32Cube_FW_H7_V1.11.2, STM32Cube_FW_L0_V1.12.2, STM32Cube_FW_L5_V1.5.1, STM32Cube_FW_U0_V1.1.0, STM32Cube_FW_U5_V1.6.0, STM32Cube_FW_WB0_V1.0.0, STM32Cube_FW_WBA_V1.4.1, STM32Cube_FW_WB_V1.20.0, STM32Cube_FW_WL_V1.3.0, X-CUBE-ALGOBUILD_V1.4.0, X-CUBE-ALS_V1.0.2, X-CUBE-AZRTOS-F4_V1.1.0, X-CUBE-AZRTOS-F7_V1.1.0, X-CUBE-AZRTOS-G0_V1.1.0, X-CUBE-AZRTOS-G4_V2.0.0, X-CUBE-AZRTOS-H7RS_V1.0.0, X-CUBE-AZRTOS-H7_V3.2.0, X-CUBE-AZRTOS-L4_V2.0.0, X-CUBE-AZRTOS-L5_V2.0.0, X-CUBE-AZRTOS-WB_V2.0.0, X-CUBE-AZRTOS-WL_V2.0.0, X-CUBE-BLE1_V7.0.0, X-CUBE-BLE2_V3.3.0, X-CUBE-BLEMGR_V3.1.0, X-CUBE-EEPRMA1_V5.1.0, X-CUBE-FREERTOS_V1.2.0, X-CUBE-GNSS1_V6.0.0, X-CUBE-MEMS1_V11.0.0, X-CUBE-NFC4_V3.0.0, X-CUBE-NFC7_V1.0.1, X-CUBE-SFXS2LP1_V4.0.0, X-CUBE-SUBG2_V5.0.0, X-CUBE-TOF1_V3.4.2]
2024-10-13 17:42:38,969 [INFO] ApiDb:240 - Found 371 in-development CPN: [B-G473E-ZEST1S, B-WB1M-WPAN1, B-WL5M-SUBG1, NUCLEO-C031C6, NUCLEO-H503RB, NUCLEO-H563ZI, NUCLEO-U545RE-Q, NUCLEO-U5A5ZJ-Q, NUCLEO-WBA52CG, NUCLEO-WBA55CG, STEVAL-MKBOXPRO, STEVAL-PROTEUS1, STEVAL-STWINBX1, STM320518-EVAL, STM32C0116-DK, STM32C011D6Y3TR, STM32C011D6Y6TR, STM32C011F4P3, STM32C011F4P6, STM32C011F4U3, STM32C011F4U6TR, STM32C011F6P3, STM32C011F6P6, STM32C011F6U3, STM32C011F6U6TR, STM32C011J4M3, STM32C011J4M6, STM32C011J6M3, STM32C011J6M6, STM32C0316-DK, STM32C031C4T3, STM32C031C4T6, STM32C031C4U3, STM32C031C4U6, STM32C031C6T3, STM32C031C6T6, STM32C031C6U3, STM32C031C6U6, STM32C031F4P3, STM32C031F4P6, STM32C031F6P3, STM32C031F6P6, STM32C031G4U3, STM32C031G4U6, STM32C031G6U3, STM32C031G6U6, STM32C031K4T3, STM32C031K4T6, STM32C031K4U3, STM32C031K4U6, STM32C031K6T3, STM32C031K6T6, STM32C031K6U3, STM32C031K6U6, STM32G071K8TXN, STM32G071K8UXN, STM32G081GBU6N, STM32G081KBT6N, STM32G081KBUXN, STM32G0B1CCT6N, STM32G0B1KCT6, STM32G0B1NEY6TR, STM32G0B1RCT6N, STM32G0C1CCT6, STM32G0C1CCT6N, STM32G0C1CCU6N, STM32G0C1CET6N, STM32G0C1CEU6N, STM32G0C1KCT6, STM32G0C1NEY6TR, STM32G0C1RCI6N, STM32G0C1RCT6N, STM32G0C1REI6N, STM32G0C1RET6N, STM32G0C1VCI6, STM32G0C1VEI6, STM32G471CCT6, STM32G471CCU6, STM32G471CET3, STM32G471CET6, STM32G471CEU3, STM32G471CEU6, STM32G471MCT6, STM32G471MET3, STM32G471MET6, STM32G471MEY6TR, STM32G471QCT6, STM32G471QET3, STM32G471RCT6, STM32G471RET3, STM32G471RET6, STM32G471VCH6, STM32G471VCI6, STM32G471VCT6, STM32G471VEH3, STM32G471VEH6, STM32G471VEI3, STM32G471VEI6, STM32G471VET3, STM32G471VET6, STM32G474CCT6, STM32H503CBT6, STM32H503CBU6, STM32H503EBY6TR, STM32H503KBU6, STM32H503RBT6, STM32H562AGI6, STM32H562AII6, STM32H562IGK6, STM32H562IGT6, STM32H562IIK6, STM32H562IIT6, STM32H562RGT6, STM32H562RGV6, STM32H562RIT6, STM32H562RIV6, STM32H562VGT6, STM32H562VIT6, STM32H562ZGT6, STM32H562ZIT6, STM32H563AGI6, STM32H563AII3Q, STM32H563AII6, STM32H563IGK6, STM32H563IGT6, STM32H563IIK3Q, STM32H563IIK6, STM32H563IIT3Q, STM32H563IIT6, STM32H563MIY3QTR, STM32H563RGT6, STM32H563RGV6, STM32H563RIT6, STM32H563RIV6, STM32H563VGT6, STM32H563VIT3Q, STM32H563VIT6, STM32H563ZGT6, STM32H563ZIT3Q, STM32H563ZIT6, STM32H573AII3Q, STM32H573AII6, STM32H573I-DK, STM32H573IIK3Q, STM32H573IIK6, STM32H573IIT3Q, STM32H573IIT6, STM32H573MIY3QTR, STM32H573RIT6, STM32H573RIV6, STM32H573VIT3Q, STM32H573VIT6, STM32H573ZIT3Q, STM32H573ZIT6, STM32L4R5QGI6STR, STM32MP131AAE3, STM32MP131AAF3, STM32MP131AAG3, STM32MP131CAE3, STM32MP131CAF3, STM32MP131CAG3, STM32MP131DAE7, STM32MP131DAF7, STM32MP131DAG7, STM32MP131FAE7, STM32MP131FAF7, STM32MP131FAG7, STM32MP133AAE3, STM32MP133AAF3, STM32MP133AAG3, STM32MP133CAE3, STM32MP133CAF3, STM32MP133CAG3, STM32MP133DAE7, STM32MP133DAF7, STM32MP133DAG7, STM32MP133FAE7, STM32MP133FAF7, STM32MP133FAG7, STM32MP135AAE3, STM32MP135AAF3, STM32MP135AAG3, STM32MP135CAE3, STM32MP135CAF3, STM32MP135CAG3, STM32MP135DAE7, STM32MP135DAF7, STM32MP135DAG7, STM32MP135F-DK, STM32MP135FAE7, STM32MP135FAF7, STM32MP135FAF7T, STM32MP135FAF7U, STM32MP135FAG7, STM32U535CBT6, STM32U535CBT6Q, STM32U535CBU6, STM32U535CBU6Q, STM32U535CCT6, STM32U535CCT6Q, STM32U535CCU6, STM32U535CCU6Q, STM32U535CET6, STM32U535CET6Q, STM32U535CEU6, STM32U535CEU6Q, STM32U535JEY6QTR, STM32U535NCY6QTR, STM32U535NEY6QTR, STM32U535RBI6, STM32U535RBI6Q, STM32U535RBT6, STM32U535RBT6Q, STM32U535RCI6, STM32U535RCI6Q, STM32U535RCT6, STM32U535RCT6Q, STM32U535REI6, STM32U535REI6Q, STM32U535RET6, STM32U535RET6Q, STM32U535VCI6, STM32U535VCI6Q, STM32U535VCT6, STM32U535VCT6Q, STM32U535VEI6, STM32U535VEI6Q, STM32U535VET6, STM32U535VET6Q, STM32U545CET6, STM32U545CET6Q, STM32U545CEU6, STM32U545CEU6Q, STM32U545JEY6QTR, STM32U545NEY6QTR, STM32U545REI6, STM32U545REI6Q, STM32U545RET6, STM32U545RET6Q, STM32U545VEI6, STM32U545VEI6Q, STM32U545VET6, STM32U545VET6Q, STM32U595AIH6, STM32U595AIH6Q, STM32U595AJH6, STM32U595AJH6Q, STM32U595QII6, STM32U595QII6Q, STM32U595QJI6, STM32U595QJI6Q, STM32U595RIT6, STM32U595RIT6Q, STM32U595RJT6, STM32U595RJT6Q, STM32U595VIT6, STM32U595VIT6Q, STM32U595VJT6, STM32U595VJT6Q, STM32U595ZIT6, STM32U595ZIT6Q, STM32U595ZIY6QTR, STM32U595ZJT6, STM32U595ZJT6Q, STM32U595ZJY6QTR, STM32U599BJY6QTR, STM32U599NIH6Q, STM32U599NJH6Q, STM32U599VIT6Q, STM32U599VJT6, STM32U599VJT6Q, STM32U599ZIT6Q, STM32U599ZIY6QTR, STM32U599ZJT6Q, STM32U599ZJY6QTR, STM32U5A5AJH6, STM32U5A5AJH6Q, STM32U5A5QJI6, STM32U5A5QJI6Q, STM32U5A5RJT6, STM32U5A5RJT6Q, STM32U5A5VJT6, STM32U5A5VJT6Q, STM32U5A5ZJT6, STM32U5A5ZJT6Q, STM32U5A5ZJY6QTR, STM32U5A9BJY6QTR, STM32U5A9J-DK, STM32U5A9NJH6Q, STM32U5A9VJT6Q, STM32U5A9ZJT6Q, STM32U5A9ZJY6QTR, STM32U5F7VIT6, STM32U5F7VIT6Q, STM32U5F7VJT6, STM32U5F7VJT6Q, STM32U5F9BJY6QTR, STM32U5F9NJH6Q, STM32U5F9VIT6Q, STM32U5F9VJT6Q, STM32U5F9ZIJ6QTR, STM32U5F9ZIT6Q, STM32U5F9ZJJ6QTR, STM32U5F9ZJT6Q, STM32U5G7VJT6, STM32U5G7VJT6Q, STM32U5G9BJY6QTR, STM32U5G9J-DK1, STM32U5G9J-DK2, STM32U5G9NJH6Q, STM32U5G9VJT6Q, STM32U5G9ZJJ6QTR, STM32U5G9ZJT6Q, STM32WB1MMCH6, STM32WBA50KEU6, STM32WBA50KEU6TR, STM32WBA50KGU6, STM32WBA50KGU6TR, STM32WBA52CEU6, STM32WBA52CEU6TR, STM32WBA52CEU7, STM32WBA52CEU7TR, STM32WBA52CGU6, STM32WBA52CGU6TR, STM32WBA52CGU6U, STM32WBA52CGU7, STM32WBA52CGU7TR, STM32WBA52KEU6, STM32WBA52KEU6TR, STM32WBA52KGU6, STM32WBA52KGU6TR, STM32WBA54CEU6, STM32WBA54CEU6TR, STM32WBA54CEU7, STM32WBA54CEU7TR, STM32WBA54CGU6, STM32WBA54CGU6TR, STM32WBA54CGU7, STM32WBA54CGU7TR, STM32WBA54KEU6, STM32WBA54KEU6TR, STM32WBA54KEU7, STM32WBA54KEU7TR, STM32WBA54KGU6, STM32WBA54KGU6TR, STM32WBA54KGU7, STM32WBA54KGU7TR, STM32WBA55CEU6, STM32WBA55CEU6TR, STM32WBA55CEU7, STM32WBA55CEU7TR, STM32WBA55CGU6, STM32WBA55CGU6TR, STM32WBA55CGU6U, STM32WBA55CGU7, STM32WBA55CGU7TR, STM32WBA55G-DK1, STM32WBA55HEF6, STM32WBA55HEF7, STM32WBA55HGF6, STM32WBA55HGF7, STM32WBA55UEI6, STM32WBA55UEI6TR, STM32WBA55UEI7, STM32WBA55UEI7TR, STM32WBA55UGI6, STM32WBA55UGI6TR, STM32WBA55UGI7, STM32WBA55UGI7TR, STM32WL5MOCH6, STM32WL5MOCH6TR]
2024-10-13 17:42:38,973 [INFO] DbMcus:218 - Found 4204 MCUs, 4204 are supported
2024-10-13 17:42:38,973 [INFO] ApiDb:423 - Load user favorites file C:\Users\Ivan/.stm32cubeide/favorites.mcus.txt: 0 item(s)
2024-10-13 17:42:38,973 [INFO] ApiDb:427 - User favorites MCUs=[]
2024-10-13 17:42:38,974 [INFO] DbMcus:224 - Set 0 / 0 favorites MCUs
2024-10-13 17:42:39,325 [INFO] BoardInfo:889 - No configuration file found for board NUCLEO-H533RE
2024-10-13 17:42:39,325 [INFO] DbBoards:161 - Board is not supported: NUCLEO-H533RE
2024-10-13 17:42:39,335 [INFO] BoardInfo:889 - No configuration file found for board NUCLEO-H7S3L8
2024-10-13 17:42:39,335 [INFO] DbBoards:161 - Board is not supported: NUCLEO-H7S3L8
2024-10-13 17:42:39,356 [INFO] BoardInfo:889 - No configuration file found for board NUCLEO-U031R8
2024-10-13 17:42:39,356 [INFO] DbBoards:161 - Board is not supported: NUCLEO-U031R8
2024-10-13 17:42:39,357 [INFO] BoardInfo:889 - No configuration file found for board NUCLEO-U083RC
2024-10-13 17:42:39,357 [INFO] DbBoards:161 - Board is not supported: NUCLEO-U083RC
2024-10-13 17:42:39,361 [INFO] BoardInfo:889 - No configuration file found for board NUCLEO-WB05KZ
2024-10-13 17:42:39,361 [INFO] DbBoards:161 - Board is not supported: NUCLEO-WB05KZ
2024-10-13 17:42:39,362 [INFO] BoardInfo:889 - No configuration file found for board NUCLEO-WB07CC
2024-10-13 17:42:39,363 [INFO] DbBoards:161 - Board is not supported: NUCLEO-WB07CC
2024-10-13 17:42:39,364 [INFO] BoardInfo:889 - No configuration file found for board NUCLEO-WB09KE
2024-10-13 17:42:39,364 [INFO] DbBoards:161 - Board is not supported: NUCLEO-WB09KE
2024-10-13 17:42:39,380 [INFO] BoardInfo:889 - No configuration file found for board P-NUCLEO-WB55
2024-10-13 17:42:39,381 [INFO] DbBoards:161 - Kit is not supported: P-NUCLEO-WB55
2024-10-13 17:42:39,385 [INFO] BoardInfo:889 - No configuration file found for board STEVAL-BFA001V1B
2024-10-13 17:42:39,385 [INFO] DbBoards:161 - Kit is not supported: STEVAL-BFA001V1B
2024-10-13 17:42:39,386 [INFO] BoardInfo:889 - No configuration file found for board STEVAL-BFA001V2B
2024-10-13 17:42:39,387 [INFO] DbBoards:161 - Kit is not supported: STEVAL-BFA001V2B
2024-10-13 17:42:39,471 [INFO] BoardInfo:889 - No configuration file found for board STM32H7S78-DK
2024-10-13 17:42:39,471 [INFO] DbBoards:161 - Board is not supported: STM32H7S78-DK
2024-10-13 17:42:39,492 [INFO] BoardInfo:889 - No configuration file found for board STM32MP257F-DK
2024-10-13 17:42:39,492 [INFO] DbBoards:161 - Board is not supported: STM32MP257F-DK
2024-10-13 17:42:39,493 [INFO] BoardInfo:889 - No configuration file found for board STM32MP257F-EV1
2024-10-13 17:42:39,494 [INFO] DbBoards:161 - Board is not supported: STM32MP257F-EV1
2024-10-13 17:42:39,495 [INFO] BoardInfo:889 - No configuration file found for board STM32U083C-DK
2024-10-13 17:42:39,495 [INFO] DbBoards:161 - Board is not supported: STM32U083C-DK
2024-10-13 17:42:39,504 [INFO] DbBoards:168 - Found 200 boards, 186 are supported
2024-10-13 17:42:39,504 [INFO] DbBoards:169 - Found 200 boards, 3 of them is supported for  Bsp
2024-10-13 17:42:39,508 [INFO] ApiDb:423 - Load user favorites file C:\Users\Ivan/.stm32cubeide/favorites.boards.txt: 0 item(s)
2024-10-13 17:42:39,509 [INFO] ApiDb:427 - User favorites Boards=[]
2024-10-13 17:42:39,509 [INFO] DbBoards:198 - Set 0 / 0 favorites Boards
2024-10-13 17:42:39,509 [INFO] ProjectFactory:440 - No CPN specified for board B-L475E-IOT01A => set CPN to 
2024-10-13 17:42:39,509 [INFO] Mcu:2016 - Initializing MCU STM32L475V(C-E-G)Tx STM32L475VGTx 
2024-10-13 17:42:39,510 [INFO] Mcu:2029 - No CPN specified => set CPN to STM32L475VGT6
2024-10-13 17:42:41,308 [INFO] Context:659 - Trying to add GPIOservice into a context  which must be forbidden
2024-10-13 17:42:41,851 [INFO] Rule:228 - rule 117617 - U5Cobra4M][GTZC] default value MPCBB3 and MPCBB5 - Not Secured memory - MPCBB1 is applicable
2024-10-13 17:42:41,851 [INFO] Rule:228 - rule 117617 - U5Cobra4M][GTZC] default value MPCBB3 and MPCBB5 - Not Secured memory - MPCBB1 is applicable
2024-10-13 17:42:41,851 [INFO] Rule:228 - rule 117617 - U5Cobra4M][GTZC] default value MPCBB3 and MPCBB5 - Not Secured memory - MPCBB2 is applicable
2024-10-13 17:42:41,851 [INFO] Rule:228 - rule 117617 - U5Cobra4M][GTZC] default value MPCBB3 and MPCBB5 - Not Secured memory - MPCBB2 is applicable
2024-10-13 17:42:41,851 [INFO] Rule:228 - rule 117617 - U5Cobra4M][GTZC] default value MPCBB3 and MPCBB5 - Not Secured memory - MPCBB3 is applicable
2024-10-13 17:42:41,851 [INFO] Rule:228 - rule 117617 - U5Cobra4M][GTZC] default value MPCBB3 and MPCBB5 - Not Secured memory - MPCBB3 is applicable
2024-10-13 17:42:41,851 [INFO] Rule:228 - rule 117617 - U5Cobra4M][GTZC] default value MPCBB3 and MPCBB5 - Not Secured memory - MPCBB4 is applicable
2024-10-13 17:42:41,851 [INFO] Rule:228 - rule 117617 - U5Cobra4M][GTZC] default value MPCBB3 and MPCBB5 - Not Secured memory - MPCBB4 is applicable
2024-10-13 17:42:41,852 [INFO] Rule:228 - rule 117617 - U5Cobra4M][GTZC] default value MPCBB3 and MPCBB5 - Secured memory - MPCBB1 is applicable
2024-10-13 17:42:41,852 [INFO] Rule:228 - rule 117617 - U5Cobra4M][GTZC] default value MPCBB3 and MPCBB5 - Secured memory - MPCBB2 is applicable
2024-10-13 17:42:41,852 [INFO] Rule:228 - rule 117617 - U5Cobra4M][GTZC] default value MPCBB3 and MPCBB5 - Secured memory - MPCBB3 is applicable
2024-10-13 17:42:41,852 [INFO] Rule:228 - rule 117617 - U5Cobra4M][GTZC] default value MPCBB3 and MPCBB5 - Secured memory - MPCBB4 is applicable
2024-10-13 17:42:41,852 [INFO] Rule:228 - rule 117617 - U5Cobra4M][GTZC] default value MPCBB3 and MPCBB5 - Privileged memory - MPCBB1 is applicable
2024-10-13 17:42:41,852 [INFO] Rule:228 - rule 117617 - U5Cobra4M][GTZC] default value MPCBB3 and MPCBB5 - Privileged memory - MPCBB2 is applicable
2024-10-13 17:42:41,852 [INFO] Rule:228 - rule 117617 - U5Cobra4M][GTZC] default value MPCBB3 and MPCBB5 - Privileged memory - MPCBB3 is applicable
2024-10-13 17:42:41,852 [INFO] Rule:228 - rule 117617 - U5Cobra4M][GTZC] default value MPCBB3 and MPCBB5 - Privileged memory - MPCBB4 is applicable
2024-10-13 17:42:41,852 [INFO] Rule:228 - rule 117617 - U5Cobra4M][GTZC] default value MPCBB3 and MPCBB5 - Not Privileged memory - MPCBB1 is applicable
2024-10-13 17:42:41,852 [INFO] Rule:228 - rule 117617 - U5Cobra4M][GTZC] default value MPCBB3 and MPCBB5 - Not Privileged memory - MPCBB2 is applicable
2024-10-13 17:42:41,852 [INFO] Rule:228 - rule 117617 - U5Cobra4M][GTZC] default value MPCBB3 and MPCBB5 - Not Privileged memory - MPCBB3 is applicable
2024-10-13 17:42:41,852 [INFO] Rule:228 - rule 117617 - U5Cobra4M][GTZC] default value MPCBB3 and MPCBB5 - Not Privileged memory - MPCBB4 is applicable
2024-10-13 17:42:41,852 [INFO] Rule:228 - rule 117617 - U5Cobra4M][GTZC] default value MPCBB3 and MPCBB5 - Privileged memory - MPCBB1 is applicable
2024-10-13 17:42:41,852 [INFO] Rule:228 - rule 117617 - U5Cobra4M][GTZC] default value MPCBB3 and MPCBB5 - Privileged memory - MPCBB2 is applicable
2024-10-13 17:42:41,852 [INFO] Rule:228 - rule 117617 - U5Cobra4M][GTZC] default value MPCBB3 and MPCBB5 - Privileged memory - MPCBB3 is applicable
2024-10-13 17:42:41,852 [INFO] Rule:228 - rule 117617 - U5Cobra4M][GTZC] default value MPCBB3 and MPCBB5 - Privileged memory - MPCBB4 is applicable
2024-10-13 17:42:41,852 [INFO] Rule:228 - rule 117617 - U5Cobra4M][GTZC] default value MPCBB3 and MPCBB5 - Privileged memory - MPCBB1 is applicable
2024-10-13 17:42:41,852 [INFO] Rule:228 - rule 117617 - U5Cobra4M][GTZC] default value MPCBB3 and MPCBB5 - Privileged memory - MPCBB2 is applicable
2024-10-13 17:42:41,852 [INFO] Rule:228 - rule 117617 - U5Cobra4M][GTZC] default value MPCBB3 and MPCBB5 - Privileged memory - MPCBB3 is applicable
2024-10-13 17:42:41,852 [INFO] Rule:228 - rule 117617 - U5Cobra4M][GTZC] default value MPCBB3 and MPCBB5 - Privileged memory - MPCBB4 is applicable
2024-10-13 17:42:41,852 [INFO] Rule:228 - rule 117617 - U5Cobra4M][GTZC] default value MPCBB3 and MPCBB5 - Not Privileged memory - MPCBB1 is applicable
2024-10-13 17:42:41,852 [INFO] Rule:228 - rule 117617 - U5Cobra4M][GTZC] default value MPCBB3 and MPCBB5 - Not Privileged memory - MPCBB2 is applicable
2024-10-13 17:42:41,852 [INFO] Rule:228 - rule 117617 - U5Cobra4M][GTZC] default value MPCBB3 and MPCBB5 - Not Privileged memory - MPCBB3 is applicable
2024-10-13 17:42:41,852 [INFO] Rule:228 - rule 117617 - U5Cobra4M][GTZC] default value MPCBB3 and MPCBB5 - Not Privileged memory - MPCBB4 is applicable
2024-10-13 17:42:41,852 [INFO] Rule:228 - rule 117617 - U5Cobra4M][GTZC] default value MPCBB3 and MPCBB5 - Privileged memory - MPCBB1 is applicable
2024-10-13 17:42:41,852 [INFO] Rule:228 - rule 117617 - U5Cobra4M][GTZC] default value MPCBB3 and MPCBB5 - Privileged memory - MPCBB2 is applicable
2024-10-13 17:42:41,852 [INFO] Rule:228 - rule 117617 - U5Cobra4M][GTZC] default value MPCBB3 and MPCBB5 - Privileged memory - MPCBB3 is applicable
2024-10-13 17:42:41,852 [INFO] Rule:228 - rule 117617 - U5Cobra4M][GTZC] default value MPCBB3 and MPCBB5 - Privileged memory - MPCBB4 is applicable
2024-10-13 17:42:41,852 [INFO] Rule:228 - rule Rename SubGHz_Phy SUBGHZ_APPLICATION SUBGHZ_PINGPONG to SUBGHZ_ADV_APPLICATION is applicable
2024-10-13 17:42:41,852 [INFO] Rule:228 - rule Rename Enabled to IBEACON is applicable
2024-10-13 17:42:41,852 [INFO] Rule:228 - rule GTZC_S instance for project manager is applicable
2024-10-13 17:42:41,853 [INFO] Rule:228 - rule GTZC_S instance for context M33S is applicable
2024-10-13 17:42:41,853 [INFO] Rule:228 - rule GTZC_S instance value for IP GTZC is applicable
2024-10-13 17:42:41,853 [INFO] Rule:228 - rule GTZC_S instance for mcu.IP is applicable
2024-10-13 17:42:41,853 [INFO] Rule:228 - rule GTZC_S instance for VP is applicable
2024-10-13 17:42:41,853 [INFO] Rule:228 - rule GTZC_S instance for signal is applicable
2024-10-13 17:42:41,853 [INFO] Rule:228 - rule GTZC_S instance for mcu.Pin is applicable
2024-10-13 17:42:41,853 [INFO] Rule:228 - rule GTZC_S instance for VP is applicable
2024-10-13 17:42:41,853 [INFO] Rule:228 - rule GTZC_S instance for signal is applicable
2024-10-13 17:42:41,853 [INFO] Rule:228 - rule GTZC_S instance for mcu is applicable
2024-10-13 17:42:41,853 [INFO] Rule:228 - rule GTZC_S instance for mcu.Pin is applicable
2024-10-13 17:42:41,853 [INFO] Rule:228 - rule GTZC_S instance value for IP GTZC is applicable
2024-10-13 17:42:41,853 [INFO] Rule:228 - rule GTZC_S instance for project manager is applicable
2024-10-13 17:42:41,853 [INFO] Rule:228 - rule GTZC_S instance for context M33S is applicable
2024-10-13 17:42:41,853 [INFO] Rule:228 - rule GTZC_S instance for VP is applicable
2024-10-13 17:42:41,853 [INFO] Rule:228 - rule GTZC_S instance for signal is applicable
2024-10-13 17:42:41,853 [INFO] Rule:228 - rule WakeUp0 Mode is applicable
2024-10-13 17:42:41,853 [INFO] Rule:228 - rule WakeUp0 SIGNAL is applicable
2024-10-13 17:42:41,853 [INFO] Rule:228 - rule WakeUp1 Mode is applicable
2024-10-13 17:42:41,853 [INFO] Rule:228 - rule WakeUp1 SIGNAL is applicable
2024-10-13 17:42:41,853 [INFO] Rule:228 - rule WakeUp2 Mode is applicable
2024-10-13 17:42:41,853 [INFO] Rule:228 - rule WakeUp2 SIGNAL is applicable
2024-10-13 17:42:41,853 [INFO] Rule:228 - rule WakeUp4 Mode is applicable
2024-10-13 17:42:41,853 [INFO] Rule:228 - rule WakeUp4 SIGNAL is applicable
2024-10-13 17:42:41,853 [INFO] Rule:228 - rule WakeUp5 Mode is applicable
2024-10-13 17:42:41,853 [INFO] Rule:228 - rule WakeUp5 SIGNAL is applicable
2024-10-13 17:42:41,853 [INFO] Rule:228 - rule Change Default Value for LSE Drive Capability for WB family is applicable
2024-10-13 17:42:41,853 [INFO] Rule:228 - rule Change Default Value for ADC Clock Prescaler G0 family is applicable
2024-10-13 17:42:41,855 [INFO] Rule:228 - rule OPAMP is applicable
2024-10-13 17:42:41,855 [INFO] Rule:228 - rule LPUART IPParameter rename Prescaler parameter to ClockPrescaler for STM32H7 is applicable
2024-10-13 17:42:41,855 [INFO] Rule:228 - rule LPUART IPParameter rename Prescaler parameter to ClockPrescaler for STM32H7 is applicable
2024-10-13 17:42:41,855 [INFO] Rule:228 - rule LPUART IPParameter rename Prescaler parameter to ClockPrescaler for STM32WB is applicable
2024-10-13 17:42:41,855 [INFO] Rule:228 - rule LPUART IPParameter rename Prescaler parameter to ClockPrescaler for STM32WB is applicable
2024-10-13 17:42:41,855 [INFO] Rule:228 - rule LPUART IPParameter rename Prescaler parameter to ClockPrescaler for STM32G4 is applicable
2024-10-13 17:42:41,855 [INFO] Rule:228 - rule LPUART IPParameter rename Prescaler parameter to ClockPrescaler for STM32G4 is applicable
2024-10-13 17:42:41,855 [INFO] Rule:228 - rule LPUART IPParameter rename Prescaler parameter to ClockPrescaler for STM32L5 is applicable
2024-10-13 17:42:41,855 [INFO] Rule:228 - rule LPUART IPParameter rename Prescaler parameter to ClockPrescaler for STM32L5 is applicable
2024-10-13 17:42:41,855 [INFO] Rule:228 - rule LPUART IPParameter rename Prescaler parameter to ClockPrescaler for STM32G4 is applicable
2024-10-13 17:42:41,855 [INFO] Rule:228 - rule LPUART IPParameter rename Prescaler parameter to ClockPrescaler for STM32G4 is applicable
2024-10-13 17:42:41,855 [INFO] Rule:228 - rule USB device lib V2.5.3 for L0 rename USBD_SUPPORT_USER_STRING parameter to USBD_SUPPORT_USER_STRING_DESC4 is applicable
2024-10-13 17:42:41,855 [INFO] Rule:228 - rule I2SCLockSelection clock entry align is applicable
2024-10-13 17:42:41,855 [INFO] Rule:228 - rule Assign TIMx context if used as SYS timebase is applicable
2024-10-13 17:42:41,855 [INFO] Rule:228 - rule Change GPIO_Pu Default Value for I2C is applicable
2024-10-13 17:42:41,855 [INFO] Rule:228 - rule Change GPIO_Pu Default Value for SMBus is applicable
2024-10-13 17:42:41,855 [INFO] Rule:228 - rule change FDCAN default value is applicable
2024-10-13 17:42:41,856 [INFO] Rule:228 - rule Rename STM32WPAN CFG_BLE_IRK to CFG_BLE_IR is applicable
2024-10-13 17:42:41,856 [INFO] Rule:228 - rule Rename STM32WPAN CFG_BLE_ERK to CFG_BLE_ER is applicable
2024-10-13 17:42:41,856 [INFO] Rule:228 - rule Rename STM32WPAN CFG_BLE_IRK_HEX to CFG_BLE_IR_HEX is applicable
2024-10-13 17:42:41,856 [INFO] Rule:228 - rule Rename STM32WPAN CFG_BLE_ERK_HEX to CFG_BLE_ER_HEX is applicable
2024-10-13 17:42:41,858 [INFO] DbConfProperties:307 - Apply Compatibility (3/87 Rules)
2024-10-13 17:42:42,108 [INFO] RtosManager:555 - Registered RTOS mode: class=CMSIS, group=RTOS, mode=CMSIS_V1, owner=FREERTOS
2024-10-13 17:42:42,108 [INFO] RtosManager:555 - Registered RTOS mode: class=CMSIS, group=RTOS2, mode=CMSIS_V2, owner=FREERTOS
2024-10-13 17:42:42,108 [INFO] RtosManager:555 - Registered RTOS mode: class=RTOS, group=Core, mode=CMSIS_V1, owner=FREERTOS
2024-10-13 17:42:42,108 [INFO] RtosManager:555 - Registered RTOS mode: class=RTOS, group=Core, mode=CMSIS_V2, owner=FREERTOS
2024-10-13 17:42:42,109 [WARN] ModelIntegratedComponent:184 - Missing modes for component STMicroelectronics:FreeRTOS:0.0.1:STMicroelectronics:RTOS:FreeRTOS:Core:::10.2.0:
2024-10-13 17:42:42,118 [WARN] ModelIntegratedComponent:63 - No mode defined for component null
2024-10-13 17:42:42,118 [WARN] ModelIntegratedComponent:63 - No mode defined for component null
2024-10-13 17:42:42,118 [WARN] ModelIntegratedComponent:63 - No mode defined for component null
2024-10-13 17:42:42,118 [WARN] ModelIntegratedComponent:63 - No mode defined for component null
2024-10-13 17:42:42,118 [WARN] ModelIntegratedComponent:63 - No mode defined for component null
2024-10-13 17:42:42,118 [WARN] ModelIntegratedComponent:63 - No mode defined for component null
2024-10-13 17:42:42,118 [WARN] ModelIntegratedComponent:63 - No mode defined for component null
2024-10-13 17:42:42,118 [WARN] ModelIntegratedComponent:63 - No mode defined for component null
2024-10-13 17:42:42,118 [WARN] ModelIntegratedComponent:63 - No mode defined for component null
2024-10-13 17:42:42,118 [WARN] ModelIntegratedComponent:63 - No mode defined for component null
2024-10-13 17:42:42,118 [WARN] ModelIntegratedComponent:63 - No mode defined for component null
2024-10-13 17:42:42,118 [WARN] ModelIntegratedComponent:63 - No mode defined for component null
2024-10-13 17:42:42,118 [WARN] ModelIntegratedComponent:63 - No mode defined for component null
2024-10-13 17:42:42,118 [WARN] ModelIntegratedComponent:63 - No mode defined for component null
2024-10-13 17:42:42,118 [WARN] ModelIntegratedComponent:63 - No mode defined for component null
2024-10-13 17:42:42,118 [WARN] ModelIntegratedComponent:63 - No mode defined for component null
2024-10-13 17:42:42,118 [WARN] ModelIntegratedComponent:63 - No mode defined for component null
2024-10-13 17:42:42,118 [WARN] ModelIntegratedComponent:63 - No mode defined for component null
2024-10-13 17:42:42,118 [WARN] ModelIntegratedComponent:63 - No mode defined for component null
2024-10-13 17:42:42,119 [WARN] ModelIntegratedComponent:63 - No mode defined for component null
2024-10-13 17:42:42,119 [WARN] ModelIntegratedComponent:63 - No mode defined for component null
2024-10-13 17:42:42,119 [WARN] ModelIntegratedComponent:63 - No mode defined for component null
2024-10-13 17:42:42,119 [WARN] ModelIntegratedComponent:63 - No mode defined for component null
2024-10-13 17:42:42,119 [WARN] ModelIntegratedComponent:63 - No mode defined for component null
2024-10-13 17:42:42,119 [WARN] ModelIntegratedComponent:63 - No mode defined for component null
2024-10-13 17:42:42,119 [WARN] ModelIntegratedComponent:63 - No mode defined for component null
2024-10-13 17:42:42,119 [WARN] ModelIntegratedComponent:63 - No mode defined for component null
2024-10-13 17:42:42,119 [WARN] ModelIntegratedComponent:63 - No mode defined for component null
2024-10-13 17:42:42,119 [WARN] ModelIntegratedComponent:63 - No mode defined for component null
2024-10-13 17:42:42,119 [WARN] ModelIntegratedComponent:63 - No mode defined for component null
2024-10-13 17:42:42,119 [WARN] ModelIntegratedComponent:63 - No mode defined for component null
2024-10-13 17:42:42,119 [WARN] ModelIntegratedComponent:63 - No mode defined for component null
2024-10-13 17:42:42,119 [WARN] ModelIntegratedComponent:63 - No mode defined for component null
2024-10-13 17:42:42,237 [INFO] ThirdPartyModel:298 - Start build external matchings
2024-10-13 17:42:43,331 [INFO] ThirdPartyModel:316 - End build external matchings
2024-10-13 17:42:43,402 [INFO] ImportTextPane:194 - (OptionalMessage_ERROR) IP (DMA) : Parameter (Instance) has Id (DFSDM1_FLT0) currently not set
2024-10-13 17:42:43,403 [INFO] ImportTextPane:194 - (OptionalMessage_ERROR) IP (DMA) : Parameter (Request) has Id (DFSDM1_FLT0) currently not set
2024-10-13 17:42:43,403 [INFO] ImportTextPane:194 - (OptionalMessage_ERROR) IP (DMA) : Parameter (Direction) has Id (DFSDM1_FLT0) currently not set
2024-10-13 17:42:43,403 [INFO] ImportTextPane:194 - (OptionalMessage_ERROR) IP (DMA) : Parameter (PeriphInc) has Id (DFSDM1_FLT0) currently not set
2024-10-13 17:42:43,403 [INFO] ImportTextPane:194 - (OptionalMessage_ERROR) IP (DMA) : Parameter (MemInc) has Id (DFSDM1_FLT0) currently not set
2024-10-13 17:42:43,404 [INFO] ImportTextPane:194 - (OptionalMessage_ERROR) IP (DMA) : Parameter (PeriphDataAlignment) has Id (DFSDM1_FLT0) currently not set
2024-10-13 17:42:43,404 [INFO] ImportTextPane:194 - (OptionalMessage_ERROR) IP (DMA) : Parameter (MemDataAlignment) has Id (DFSDM1_FLT0) currently not set
2024-10-13 17:42:43,404 [INFO] ImportTextPane:194 - (OptionalMessage_ERROR) IP (DMA) : Parameter (Mode) has Id (DFSDM1_FLT0) currently not set
2024-10-13 17:42:43,404 [INFO] ImportTextPane:194 - (OptionalMessage_ERROR) IP (DMA) : Parameter (Priority) has Id (DFSDM1_FLT0) currently not set
2024-10-13 17:42:43,720 [INFO] UtilMem:75 - End LoadConfig() Used Memory: 740008504 Bytes (1073741824)
2024-10-13 17:42:43,846 [INFO] MicroXplorer:468 - Change Database Path : 
2024-10-13 17:42:43,846 [INFO] MicroXplorer:498 - Change Database Version : DB.6.0.100
2024-10-13 17:42:43,846 [WARN] ThirdParty:833 - waiting for thirdparty lock release [change project]
2024-10-13 17:42:43,846 [INFO] ThirdParty:835 - entering critical section [change project]
2024-10-13 17:42:43,846 [INFO] ThirdParty:1030 - CMSIS Pack Vendor :STMicroelectronics USBPD 4.1
2024-10-13 17:42:43,846 [INFO] ThirdParty:1030 - CMSIS Pack Vendor :STMicroelectronics X-CUBE-AZRTOS-H7 3.3.0
2024-10-13 17:42:43,846 [INFO] ThirdParty:1030 - CMSIS Pack Vendor :STMicroelectronics X-CUBE-NFC9 1.0.0
2024-10-13 17:42:43,846 [INFO] ThirdParty:1030 - CMSIS Pack Vendor :STMicroelectronics X-CUBE-GNSS1 6.0.0
2024-10-13 17:42:43,847 [INFO] ThirdParty:1030 - CMSIS Pack Vendor :STMicroelectronics USB_HOST 2.0.0
2024-10-13 17:42:43,847 [INFO] ThirdParty:1030 - CMSIS Pack Vendor :STMicroelectronics FP-SNS-MOTENVWB1 1.4.0
2024-10-13 17:42:43,847 [INFO] ThirdParty:1030 - CMSIS Pack Vendor :STMicroelectronics X-CUBE-AZRTOS-F4 1.1.0
2024-10-13 17:42:43,847 [INFO] ThirdParty:1030 - CMSIS Pack Vendor :STMicroelectronics LIBJPEG 8.0.0
2024-10-13 17:42:43,847 [INFO] ThirdParty:1030 - CMSIS Pack Vendor :STMicroelectronics X-CUBE-SMBUS 2.1.0
2024-10-13 17:42:43,847 [INFO] ThirdParty:1030 - CMSIS Pack Vendor :STMicroelectronics X-CUBE-WB05N 1.1.0
2024-10-13 17:42:43,847 [INFO] ThirdParty:1030 - CMSIS Pack Vendor :STMicroelectronics USB_DEVICE 3.0.0
2024-10-13 17:42:43,847 [INFO] ThirdParty:1030 - CMSIS Pack Vendor :STMicroelectronics X-CUBE-TCPP 4.1.0
2024-10-13 17:42:43,847 [INFO] ThirdParty:1030 - CMSIS Pack Vendor :STMicroelectronics X-CUBE-ISPU 2.1.0
2024-10-13 17:42:43,847 [INFO] ThirdParty:1030 - CMSIS Pack Vendor :STMicroelectronics X-CUBE-FREERTOS 1.2.0
2024-10-13 17:42:43,847 [INFO] ThirdParty:1030 - CMSIS Pack Vendor :STMicroelectronics X-CUBE-IPS 3.0.0
2024-10-13 17:42:43,847 [INFO] ThirdParty:1030 - CMSIS Pack Vendor :STMicroelectronics X-CUBE-AZRTOS-WB 2.0.0
2024-10-13 17:42:43,847 [INFO] ThirdParty:1030 - CMSIS Pack Vendor :wolfSSL I-CUBE-wolfSSL 5.6.6
2024-10-13 17:42:43,847 [INFO] ThirdParty:1030 - CMSIS Pack Vendor :STMicroelectronics X-CUBE-GNSS1 7.0.0
2024-10-13 17:42:43,847 [INFO] ThirdParty:1030 - CMSIS Pack Vendor :STMicroelectronics X-CUBE-TOUCHGFX 4.23.0
2024-10-13 17:42:43,847 [INFO] ThirdParty:1030 - CMSIS Pack Vendor :STMicroelectronics X-CUBE-TOUCHGFX 4.23.2
2024-10-13 17:42:43,847 [INFO] ThirdParty:1030 - CMSIS Pack Vendor :STMicroelectronics X-CUBE-AZRTOS-F7 1.1.0
2024-10-13 17:42:43,847 [INFO] ThirdParty:1030 - CMSIS Pack Vendor :STMicroelectronics X-CUBE-AZRTOS-L5 2.0.0
2024-10-13 17:42:43,847 [INFO] ThirdParty:1030 - CMSIS Pack Vendor :STMicroelectronics USB_DEVICE 2.0.0
2024-10-13 17:42:43,847 [INFO] ThirdParty:1030 - CMSIS Pack Vendor :STMicroelectronics X-CUBE-MEMS1 9.6.0
2024-10-13 17:42:43,847 [INFO] ThirdParty:1030 - CMSIS Pack Vendor :STMicroelectronics X-CUBE-NFC6 3.1.0
2024-10-13 17:42:43,847 [INFO] ThirdParty:1030 - CMSIS Pack Vendor :ITTIA_DB I-CUBE-ITTIADB 8.8.0
2024-10-13 17:42:43,847 [INFO] ThirdParty:1030 - CMSIS Pack Vendor :STMicroelectronics FP-SNS-STBOX1 2.0.0
2024-10-13 17:42:43,847 [INFO] ThirdParty:1030 - CMSIS Pack Vendor :STMicroelectronics FP-SNS-MOTENV1 4.3.2
2024-10-13 17:42:43,847 [INFO] ThirdParty:1030 - CMSIS Pack Vendor :STMicroelectronics X-CUBE-ALGOBUILD 1.3.0
2024-10-13 17:42:43,848 [INFO] ThirdParty:1030 - CMSIS Pack Vendor :STMicroelectronics X-CUBE-MEMS1 11.0.0
2024-10-13 17:42:43,848 [INFO] ThirdParty:1030 - CMSIS Pack Vendor :STMicroelectronics FreeRTOS 0.0.1
2024-10-13 17:42:43,848 [INFO] ThirdParty:1030 - CMSIS Pack Vendor :STMicroelectronics X-CUBE-AZRTOS-G0 1.1.0
2024-10-13 17:42:43,848 [INFO] ThirdParty:1030 - CMSIS Pack Vendor :STMicroelectronics X-CUBE-SAFEA1 1.2.2
2024-10-13 17:42:43,848 [INFO] ThirdParty:1030 - CMSIS Pack Vendor :STMicroelectronics X-CUBE-NFC4 3.0.0
2024-10-13 17:42:43,848 [INFO] ThirdParty:1030 - CMSIS Pack Vendor :STMicroelectronics X-CUBE-DPower 1.2.0
2024-10-13 17:42:43,848 [INFO] ThirdParty:1030 - CMSIS Pack Vendor :STMicroelectronics X-CUBE-SUBG2 5.0.0
2024-10-13 17:42:43,848 [INFO] ThirdParty:1030 - CMSIS Pack Vendor :STMicroelectronics STM32_WPAN 1.0.0
2024-10-13 17:42:43,848 [INFO] ThirdParty:1030 - CMSIS Pack Vendor :EmbeddedOffice I-CUBE-FS-RTOS 1.0.1
2024-10-13 17:42:43,848 [INFO] ThirdParty:1030 - CMSIS Pack Vendor :STMicroelectronics lwIP 2.0.3
2024-10-13 17:42:43,848 [INFO] ThirdParty:1030 - CMSIS Pack Vendor :STMicroelectronics FP-SNS-FLIGHT1 5.0.2
2024-10-13 17:42:43,848 [INFO] ThirdParty:1030 - CMSIS Pack Vendor :STMicroelectronics USB_HOST 1.0.0
2024-10-13 17:42:43,848 [INFO] ThirdParty:1030 - CMSIS Pack Vendor :STMicroelectronics X-CUBE-AI 9.0.0
2024-10-13 17:42:43,848 [INFO] ThirdParty:1030 - CMSIS Pack Vendor :STMicroelectronics X-CUBE-AZRTOS-G4 2.0.0
2024-10-13 17:42:43,848 [INFO] ThirdParty:1030 - CMSIS Pack Vendor :STMicroelectronics PDM2PCM 3.1.0
2024-10-13 17:42:43,848 [INFO] ThirdParty:1030 - CMSIS Pack Vendor :Infineon AIROC-Wi-Fi-Bluetooth-STM32 1.5.1
2024-10-13 17:42:43,848 [INFO] ThirdParty:1030 - CMSIS Pack Vendor :STMicroelectronics PDM2PCM 3.3.0
2024-10-13 17:42:43,848 [INFO] ThirdParty:1030 - CMSIS Pack Vendor :STMicroelectronics X-CUBE-DISPLAY 3.0.0
2024-10-13 17:42:43,848 [INFO] ThirdParty:1030 - CMSIS Pack Vendor :RealThread X-CUBE-RT-Thread_Nano 4.1.1
2024-10-13 17:42:43,848 [INFO] ThirdParty:1030 - CMSIS Pack Vendor :STMicroelectronics FP-SNS-MOTENVWB1 1.3.1
2024-10-13 17:42:43,848 [INFO] ThirdParty:1030 - CMSIS Pack Vendor :STMicroelectronics X-CUBE-BLE1 7.0.0
2024-10-13 17:42:43,848 [INFO] ThirdParty:1030 - CMSIS Pack Vendor :STMicroelectronics FP-ATR-SIGFOX1 3.2.0
2024-10-13 17:42:43,848 [INFO] ThirdParty:1030 - CMSIS Pack Vendor :STMicroelectronics X-CUBE-NFC10 1.0.0
2024-10-13 17:42:43,848 [INFO] ThirdParty:1030 - CMSIS Pack Vendor :STMicroelectronics X-CUBE-ISPU 2.0.0
2024-10-13 17:42:43,848 [INFO] ThirdParty:1030 - CMSIS Pack Vendor :STMicroelectronics X-CUBE-EEPRMA1 5.1.0
2024-10-13 17:42:43,848 [INFO] ThirdParty:1030 - CMSIS Pack Vendor :STMicroelectronics HAL Drivers 0.0.0
2024-10-13 17:42:43,848 [INFO] ThirdParty:1030 - CMSIS Pack Vendor :STMicroelectronics MBEDTLS 2.16.2
2024-10-13 17:42:43,848 [INFO] ThirdParty:1030 - CMSIS Pack Vendor :STMicroelectronics X-CUBE-ALS 1.0.2
2024-10-13 17:42:43,848 [INFO] ThirdParty:1030 - CMSIS Pack Vendor :emotas I-CUBE-CANOPEN 1.3.0
2024-10-13 17:42:43,848 [INFO] ThirdParty:1030 - CMSIS Pack Vendor :STMicroelectronics X-CUBE-MEMS1 10.0.0
2024-10-13 17:42:43,849 [INFO] ThirdParty:1030 - CMSIS Pack Vendor :STMicroelectronics X-CUBE-FREERTOS 1.1.0
2024-10-13 17:42:43,849 [INFO] ThirdParty:1030 - CMSIS Pack Vendor :STMicroelectronics X-CUBE-NFC7 1.0.1
2024-10-13 17:42:43,849 [INFO] ThirdParty:1030 - CMSIS Pack Vendor :STMicroelectronics MBEDTLS 2.14.1
2024-10-13 17:42:43,849 [INFO] ThirdParty:1030 - CMSIS Pack Vendor :STMicroelectronics X-CUBE-TOUCHGFX 4.24.0
2024-10-13 17:42:43,849 [INFO] ThirdParty:1030 - CMSIS Pack Vendor :STMicroelectronics X-CUBE-TOUCHGFX 4.24.1
2024-10-13 17:42:43,849 [INFO] ThirdParty:1030 - CMSIS Pack Vendor :STMicroelectronics X-CUBE-NFC6 3.0.0
2024-10-13 17:42:43,849 [INFO] ThirdParty:1030 - CMSIS Pack Vendor :wolfSSL I-CUBE-wolfTPM 3.4.0
2024-10-13 17:42:43,849 [INFO] ThirdParty:1030 - CMSIS Pack Vendor :STMicroelectronics X-CUBE-MEMS1 9.3.0
2024-10-13 17:42:43,849 [INFO] ThirdParty:1030 - CMSIS Pack Vendor :portGmbH I-Cube-SoM-uGOAL 1.1.0
2024-10-13 17:42:43,849 [INFO] ThirdParty:1030 - CMSIS Pack Vendor :STMicroelectronics X-CUBE-ALS 1.0.1
2024-10-13 17:42:43,849 [INFO] ThirdParty:1030 - CMSIS Pack Vendor :STMicroelectronics X-CUBE-BLEMGR 3.1.0
2024-10-13 17:42:43,849 [INFO] ThirdParty:1030 - CMSIS Pack Vendor :STMicroelectronics ThreadX 1.0.0
2024-10-13 17:42:43,849 [INFO] ThirdParty:1030 - CMSIS Pack Vendor :STMicroelectronics FP-SNS-SMARTAG2 1.2.0
2024-10-13 17:42:43,849 [INFO] ThirdParty:1030 - CMSIS Pack Vendor :STMicroelectronics X-CUBE-AZRTOS-WL 2.0.0
2024-10-13 17:42:43,849 [INFO] ThirdParty:1030 - CMSIS Pack Vendor :SEGGER I-CUBE-embOS 1.3.1
2024-10-13 17:42:43,849 [INFO] ThirdParty:1030 - CMSIS Pack Vendor :STMicroelectronics X-CUBE-ALGOBUILD 1.4.0
2024-10-13 17:42:43,849 [INFO] ThirdParty:1030 - CMSIS Pack Vendor :STMicroelectronics FP-SNS-MOTENV1 5.0.0
2024-10-13 17:42:43,849 [INFO] ThirdParty:1030 - CMSIS Pack Vendor :STMicroelectronics USB_DEVICE 1.0.0
2024-10-13 17:42:43,849 [INFO] ThirdParty:1030 - CMSIS Pack Vendor :STMicroelectronics X-CUBE-AI 8.1.0
2024-10-13 17:42:43,849 [INFO] ThirdParty:1030 - CMSIS Pack Vendor :STMicroelectronics X-CUBE-AZRTOS-H7RS 1.0.0
2024-10-13 17:42:43,849 [INFO] ThirdParty:1030 - CMSIS Pack Vendor :wolfSSL I-CUBE-wolfMQTT 1.19.0
2024-10-13 17:42:43,849 [INFO] ThirdParty:1030 - CMSIS Pack Vendor :STMicroelectronics X-CUBE-AZRTOS-L4 2.0.0
2024-10-13 17:42:43,849 [INFO] ThirdParty:1030 - CMSIS Pack Vendor :STMicroelectronics ThreadX 0.0.2
2024-10-13 17:42:43,849 [INFO] ThirdParty:1030 - CMSIS Pack Vendor :WES I-CUBE-Cesium 1.3.0
2024-10-13 17:42:43,849 [INFO] ThirdParty:1030 - CMSIS Pack Vendor :STMicroelectronics FP-ATR-ASTRA1 2.0.0
2024-10-13 17:42:43,849 [INFO] ThirdParty:1030 - CMSIS Pack Vendor :STMicroelectronics lwIP 2.1.2
2024-10-13 17:42:43,849 [INFO] ThirdParty:1030 - CMSIS Pack Vendor :STMicroelectronics X-CUBE-SFXS2LP1 4.0.0
2024-10-13 17:42:43,849 [INFO] ThirdParty:1030 - CMSIS Pack Vendor :STMicroelectronics X-CUBE-BLE2 3.3.0
2024-10-13 17:42:43,850 [INFO] ThirdParty:1030 - CMSIS Pack Vendor :STMicroelectronics X-CUBE-TOF1 3.4.2
2024-10-13 17:42:43,850 [INFO] ThirdParty:1030 - CMSIS Pack Vendor :STMicroelectronics X-CUBE-AI 9.1.0
2024-10-13 17:42:43,850 [INFO] ThirdParty:1030 - CMSIS Pack Vendor :STMicroelectronics X-CUBE-TOF1 3.4.1
2024-10-13 17:42:43,850 [INFO] ThirdParty:1030 - CMSIS Pack Vendor :STMicroelectronics X-CUBE-AZRTOS-H7 3.2.0
2024-10-13 17:42:43,850 [INFO] ThirdParty:1030 - CMSIS Pack Vendor :STMicroelectronics PDM2PCM 3.2.0
2024-10-13 17:42:43,850 [INFO] ThirdParty:1030 - CMSIS Pack Vendor :wolfSSL I-CUBE-wolfSSH 1.4.17
2024-10-13 17:42:43,850 [INFO] ThirdParty:841 - exiting critical section [change project]
2024-10-13 17:42:44,270 [INFO] PinOutPanel:1499 - setPackage(No Configuration,No Configuration)
2024-10-13 17:42:44,271 [INFO] PinOutPanel:1499 - setPackage(STM32L475VGTx,LQFP100)
2024-10-13 17:42:44,798 [INFO] UtilMem:75 - Before build in PCC Used Memory: 742403344 Bytes (1073741824)
2024-10-13 17:42:45,386 [INFO] UtilMem:75 - After build in PCC Used Memory: 872027152 Bytes (1073741824)
2024-10-13 17:42:45,415 [INFO] IPUIPlugin:80 - create IPUIPlugin
2024-10-13 17:42:45,415 [INFO] IPUIPlugin:80 - create IPUIPlugin
2024-10-13 17:42:45,415 [INFO] IPUIPlugin:80 - create IPUIPlugin
2024-10-13 17:42:45,415 [INFO] IPUIPlugin:80 - create IPUIPlugin
2024-10-13 17:42:45,416 [INFO] IPUIPlugin:80 - create IPUIPlugin
2024-10-13 17:42:45,416 [INFO] IPUIPlugin:80 - create IPUIPlugin
2024-10-13 17:42:45,416 [INFO] IPUIPlugin:80 - create IPUIPlugin
2024-10-13 17:42:45,416 [INFO] IPUIPlugin:80 - create IPUIPlugin
2024-10-13 17:42:45,416 [INFO] IPUIPlugin:80 - create IPUIPlugin
2024-10-13 17:42:45,416 [INFO] IPUIPlugin:80 - create IPUIPlugin
2024-10-13 17:42:45,416 [INFO] IPUIPlugin:80 - create IPUIPlugin
2024-10-13 17:42:45,416 [INFO] IPUIPlugin:80 - create IPUIPlugin
2024-10-13 17:42:45,416 [INFO] IPUIPlugin:80 - create IPUIPlugin
2024-10-13 17:42:45,416 [INFO] IPUIPlugin:80 - create IPUIPlugin
2024-10-13 17:42:45,416 [INFO] IPUIPlugin:80 - create IPUIPlugin
2024-10-13 17:42:45,416 [INFO] IPUIPlugin:80 - create IPUIPlugin
2024-10-13 17:42:45,416 [INFO] IPUIPlugin:80 - create IPUIPlugin
2024-10-13 17:42:45,417 [INFO] IPUIPlugin:80 - create IPUIPlugin
2024-10-13 17:42:45,417 [INFO] IPUIPlugin:80 - create IPUIPlugin
2024-10-13 17:42:45,417 [INFO] IPUIPlugin:80 - create IPUIPlugin
2024-10-13 17:42:45,417 [INFO] IPUIPlugin:80 - create IPUIPlugin
2024-10-13 17:42:45,417 [INFO] IPUIPlugin:80 - create IPUIPlugin
2024-10-13 17:42:45,417 [INFO] IPUIPlugin:80 - create IPUIPlugin
2024-10-13 17:42:45,417 [INFO] IPUIPlugin:80 - create IPUIPlugin
2024-10-13 17:42:45,417 [INFO] IPUIPlugin:80 - create IPUIPlugin
2024-10-13 17:42:45,418 [INFO] IPUIPlugin:80 - create IPUIPlugin
2024-10-13 17:42:45,418 [INFO] IPUIPlugin:80 - create IPUIPlugin
2024-10-13 17:42:45,418 [INFO] IPUIPlugin:80 - create IPUIPlugin
2024-10-13 17:42:45,418 [INFO] IPUIPlugin:80 - create IPUIPlugin
2024-10-13 17:42:45,418 [INFO] IPUIPlugin:80 - create IPUIPlugin
2024-10-13 17:42:45,418 [INFO] IPUIPlugin:80 - create IPUIPlugin
2024-10-13 17:42:45,418 [INFO] IPUIPlugin:80 - create IPUIPlugin
2024-10-13 17:42:45,419 [INFO] IPUIPlugin:80 - create IPUIPlugin
2024-10-13 17:42:45,419 [INFO] IPUIPlugin:80 - create IPUIPlugin
2024-10-13 17:42:45,419 [INFO] IPUIPlugin:80 - create IPUIPlugin
2024-10-13 17:42:45,419 [INFO] IPUIPlugin:80 - create IPUIPlugin
2024-10-13 17:42:45,419 [INFO] IPUIPlugin:80 - create IPUIPlugin
2024-10-13 17:42:45,420 [INFO] IPUIPlugin:80 - create IPUIPlugin
2024-10-13 17:42:45,420 [INFO] IPUIPlugin:80 - create IPUIPlugin
2024-10-13 17:42:45,420 [INFO] IPUIPlugin:80 - create IPUIPlugin
2024-10-13 17:42:45,420 [INFO] IPUIPlugin:80 - create IPUIPlugin
2024-10-13 17:42:45,420 [INFO] IPUIPlugin:80 - create IPUIPlugin
2024-10-13 17:42:45,420 [INFO] IPUIPlugin:80 - create IPUIPlugin
2024-10-13 17:42:45,421 [INFO] IPUIPlugin:80 - create IPUIPlugin
2024-10-13 17:42:45,421 [INFO] IPUIPlugin:80 - create IPUIPlugin
2024-10-13 17:42:45,421 [INFO] IPUIPlugin:80 - create IPUIPlugin
2024-10-13 17:42:45,421 [INFO] IPUIPlugin:80 - create IPUIPlugin
2024-10-13 17:42:45,421 [INFO] IPUIPlugin:80 - create IPUIPlugin
2024-10-13 17:42:45,422 [INFO] IPUIPlugin:80 - create IPUIPlugin
2024-10-13 17:42:45,422 [INFO] IPUIPlugin:80 - create IPUIPlugin
2024-10-13 17:42:45,422 [INFO] IPUIPlugin:80 - create IPUIPlugin
2024-10-13 17:42:45,422 [INFO] IPUIPlugin:80 - create IPUIPlugin
2024-10-13 17:42:45,422 [INFO] IPUIPlugin:80 - create IPUIPlugin
2024-10-13 17:42:45,423 [INFO] IPUIPlugin:80 - create IPUIPlugin
2024-10-13 17:42:45,423 [INFO] IPUIPlugin:80 - create IPUIPlugin
2024-10-13 17:42:45,423 [INFO] IPUIPlugin:80 - create IPUIPlugin
2024-10-13 17:42:45,423 [INFO] IPUIPlugin:80 - create IPUIPlugin
2024-10-13 17:42:45,424 [INFO] IPUIPlugin:80 - create IPUIPlugin
2024-10-13 17:42:45,424 [INFO] IPUIPlugin:80 - create IPUIPlugin
2024-10-13 17:42:45,607 [INFO] CADModel:165 - CPN selected for project levelSTM32L475VGT6
2024-10-13 17:42:45,607 [INFO] CADModel:114 - Register for checkConnection events
2024-10-13 17:42:45,653 [INFO] OpenFileManager:343 - Restore cursor
2024-10-13 18:07:30,526 [INFO] UtilMem:75 - End SaveConfig() Used Memory: 643731152 Bytes (1073741824)
2024-10-13 18:56:02,925 [ERROR] LogOutputStream:75 - [STDERR_REDIRECT] 
