13:52:21 **** Build of configuration Debug for project MFCC_TFLite ****
make -j12 all 
arm-none-eabi-g++ "../Core/Src/CycleCounter.cpp" -mcpu=cortex-m4 -std=gnu++14 -g3 -DDEBUG -DUSE_HAL_DRIVER -DSTM32L475xx -c -I../Drivers/STM32L4xx_HAL_Driver/Inc -I../Drivers/STM32L4xx_HAL_Driver/Inc/Legacy -I../Drivers/CMSIS/Device/ST/STM32L4xx/Include -I../Drivers/CMSIS/Include -I../Core/tensorflow/lite/micro/tools/make/downloads -I../Core/ -I../Core/Inc -I../Core -I../TFLite -I../TFLite/third_party/flatbuffers/include -I../TFLite/third_party/gemmlowp -I../TFLite/third_party/ruy -I../TFLite/tensorflow/lite/micro/tools/make/downloads/cmsis/CMSIS/DSP/Include -I../TFLite/tensorflow/lite/micro/tools/make/downloads/ -I../TFLite/tensorflow/lite/micro/tools/make/downloads/cmsis/CMSIS/NN/Include -O3 -ffunction-sections -fdata-sections -fno-exceptions -fno-rtti -fno-use-cxa-atexit -Wall -fstack-usage -fcyclomatic-complexity -MMD -MP -MF"Core/Src/CycleCounter.d" -MT"Core/Src/CycleCounter.o" --specs=nano.specs -mfpu=fpv4-sp-d16 -mfloat-abi=hard -mthumb -o "Core/Src/CycleCounter.o"
arm-none-eabi-g++ "../Core/Src/main.cpp" -mcpu=cortex-m4 -std=gnu++14 -g3 -DDEBUG -DUSE_HAL_DRIVER -DSTM32L475xx -c -I../Drivers/STM32L4xx_HAL_Driver/Inc -I../Drivers/STM32L4xx_HAL_Driver/Inc/Legacy -I../Drivers/CMSIS/Device/ST/STM32L4xx/Include -I../Drivers/CMSIS/Include -I../Core/tensorflow/lite/micro/tools/make/downloads -I../Core/ -I../Core/Inc -I../Core -I../TFLite -I../TFLite/third_party/flatbuffers/include -I../TFLite/third_party/gemmlowp -I../TFLite/third_party/ruy -I../TFLite/tensorflow/lite/micro/tools/make/downloads/cmsis/CMSIS/DSP/Include -I../TFLite/tensorflow/lite/micro/tools/make/downloads/ -I../TFLite/tensorflow/lite/micro/tools/make/downloads/cmsis/CMSIS/NN/Include -O3 -ffunction-sections -fdata-sections -fno-exceptions -fno-rtti -fno-use-cxa-atexit -Wall -fstack-usage -fcyclomatic-complexity -MMD -MP -MF"Core/Src/main.d" -MT"Core/Src/main.o" --specs=nano.specs -mfpu=fpv4-sp-d16 -mfloat-abi=hard -mthumb -o "Core/Src/main.o"
arm-none-eabi-gcc "../Core/Src/stm32l4xx_hal_msp.c" -mcpu=cortex-m4 -std=gnu11 -g3 -DUSE_HAL_DRIVER -DDEBUG -DSTM32L475xx -DARM_MATH_CM4 -D__FPU_PRESENT=1U -DARM_MATH_DSP -c -I../Core/Inc -I../Drivers/STM32L4xx_HAL_Driver/Inc -I../Drivers/CMSIS/Device/ST/STM32L4xx/Include -I../Core -I../Drivers/CMSIS/Include -I../Drivers/STM32L4xx_HAL_Driver/Inc/Legacy -I../TFLite -I../TFLite/third_party/flatbuffers/include -I../TFLite/third_party/gemmlowp -I../TFLite/third_party/ruy -I../TFLite/tensorflow/lite/micro/tools/make/downloads/cmsis/CMSIS/DSP/Include -I../TFLite/tensorflow/lite/micro/tools/make/downloads/ -I../TFLite/tensorflow/lite/micro/tools/make/downloads/cmsis/CMSIS/NN/Include -O3 -ffunction-sections -fdata-sections -Wall -fstack-usage -fcyclomatic-complexity -MMD -MP -MF"Core/Src/stm32l4xx_hal_msp.d" -MT"Core/Src/stm32l4xx_hal_msp.o" --specs=nano.specs -mfpu=fpv4-sp-d16 -mfloat-abi=hard -mthumb -o "Core/Src/stm32l4xx_hal_msp.o"
arm-none-eabi-gcc "../Core/Src/stm32l4xx_it.c" -mcpu=cortex-m4 -std=gnu11 -g3 -DUSE_HAL_DRIVER -DDEBUG -DSTM32L475xx -DARM_MATH_CM4 -D__FPU_PRESENT=1U -DARM_MATH_DSP -c -I../Core/Inc -I../Drivers/STM32L4xx_HAL_Driver/Inc -I../Drivers/CMSIS/Device/ST/STM32L4xx/Include -I../Core -I../Drivers/CMSIS/Include -I../Drivers/STM32L4xx_HAL_Driver/Inc/Legacy -I../TFLite -I../TFLite/third_party/flatbuffers/include -I../TFLite/third_party/gemmlowp -I../TFLite/third_party/ruy -I../TFLite/tensorflow/lite/micro/tools/make/downloads/cmsis/CMSIS/DSP/Include -I../TFLite/tensorflow/lite/micro/tools/make/downloads/ -I../TFLite/tensorflow/lite/micro/tools/make/downloads/cmsis/CMSIS/NN/Include -O3 -ffunction-sections -fdata-sections -Wall -fstack-usage -fcyclomatic-complexity -MMD -MP -MF"Core/Src/stm32l4xx_it.d" -MT"Core/Src/stm32l4xx_it.o" --specs=nano.specs -mfpu=fpv4-sp-d16 -mfloat-abi=hard -mthumb -o "Core/Src/stm32l4xx_it.o"
arm-none-eabi-gcc "../Core/Src/sysmem.c" -mcpu=cortex-m4 -std=gnu11 -g3 -DUSE_HAL_DRIVER -DDEBUG -DSTM32L475xx -DARM_MATH_CM4 -D__FPU_PRESENT=1U -DARM_MATH_DSP -c -I../Core/Inc -I../Drivers/STM32L4xx_HAL_Driver/Inc -I../Drivers/CMSIS/Device/ST/STM32L4xx/Include -I../Core -I../Drivers/CMSIS/Include -I../Drivers/STM32L4xx_HAL_Driver/Inc/Legacy -I../TFLite -I../TFLite/third_party/flatbuffers/include -I../TFLite/third_party/gemmlowp -I../TFLite/third_party/ruy -I../TFLite/tensorflow/lite/micro/tools/make/downloads/cmsis/CMSIS/DSP/Include -I../TFLite/tensorflow/lite/micro/tools/make/downloads/ -I../TFLite/tensorflow/lite/micro/tools/make/downloads/cmsis/CMSIS/NN/Include -O3 -ffunction-sections -fdata-sections -Wall -fstack-usage -fcyclomatic-complexity -MMD -MP -MF"Core/Src/sysmem.d" -MT"Core/Src/sysmem.o" --specs=nano.specs -mfpu=fpv4-sp-d16 -mfloat-abi=hard -mthumb -o "Core/Src/sysmem.o"
arm-none-eabi-gcc "../Core/Src/system_stm32l4xx.c" -mcpu=cortex-m4 -std=gnu11 -g3 -DUSE_HAL_DRIVER -DDEBUG -DSTM32L475xx -DARM_MATH_CM4 -D__FPU_PRESENT=1U -DARM_MATH_DSP -c -I../Core/Inc -I../Drivers/STM32L4xx_HAL_Driver/Inc -I../Drivers/CMSIS/Device/ST/STM32L4xx/Include -I../Core -I../Drivers/CMSIS/Include -I../Drivers/STM32L4xx_HAL_Driver/Inc/Legacy -I../TFLite -I../TFLite/third_party/flatbuffers/include -I../TFLite/third_party/gemmlowp -I../TFLite/third_party/ruy -I../TFLite/tensorflow/lite/micro/tools/make/downloads/cmsis/CMSIS/DSP/Include -I../TFLite/tensorflow/lite/micro/tools/make/downloads/ -I../TFLite/tensorflow/lite/micro/tools/make/downloads/cmsis/CMSIS/NN/Include -O3 -ffunction-sections -fdata-sections -Wall -fstack-usage -fcyclomatic-complexity -MMD -MP -MF"Core/Src/system_stm32l4xx.d" -MT"Core/Src/system_stm32l4xx.o" --specs=nano.specs -mfpu=fpv4-sp-d16 -mfloat-abi=hard -mthumb -o "Core/Src/system_stm32l4xx.o"
In file included from ../Core/Src/main.cpp:52:
../Core/Inc/CycleCounter.h:6:31: warning: 'SCB_DEMCR' defined but not used [-Wunused-variable]
    6 | static volatile unsigned int *SCB_DEMCR   ;
      |                               ^~~~~~~~~
../Core/Inc/CycleCounter.h:5:31: warning: 'DWT_CONTROL' defined but not used [-Wunused-variable]
    5 | static volatile unsigned int *DWT_CONTROL ;
      |                               ^~~~~~~~~~~
../Core/Inc/CycleCounter.h:4:31: warning: 'DWT_CYCCNT' defined but not used [-Wunused-variable]
    4 | static volatile unsigned int *DWT_CYCCNT  ;
      |                               ^~~~~~~~~~
arm-none-eabi-g++ -o "MFCC_TFLite.elf" @"objects.list"   -mcpu=cortex-m4 -T"C:\Users\Ivan\Desktop\ETH\Semester3\ml-on-mcu\ex5\MFCC_TFLite.zip_expanded\MFCC_TFLite\STM32L475VGTX_FLASH.ld" -Wl,-Map="MFCC_TFLite.map" -Wl,--gc-sections -static -u_printf_float --specs=nano.specs -mfpu=fpv4-sp-d16 -mfloat-abi=hard -mthumb -u _printf_float -Wl,--start-group -lc -lm -lstdc++ -lsupc++ -Wl,--end-group
C:/ST/STM32CubeIDE_1.14.1/STM32CubeIDE/plugins/com.st.stm32cube.ide.mcu.externaltools.gnu-tools-for-stm32.11.3.rel1.win32_1.1.100.202309141235/tools/bin/../lib/gcc/arm-none-eabi/11.3.1/../../../../arm-none-eabi/bin/ld.exe: C:/ST/STM32CubeIDE_1.14.1/STM32CubeIDE/plugins/com.st.stm32cube.ide.mcu.externaltools.gnu-tools-for-stm32.11.3.rel1.win32_1.1.100.202309141235/tools/bin/../lib/gcc/arm-none-eabi/11.3.1/../../../../arm-none-eabi/lib/thumb/v7e-m+fp/hard\libc_nano.a(libc_a-abort.o): in function `abort':
(.text.abort+0xa): undefined reference to `_exit'
C:/ST/STM32CubeIDE_1.14.1/STM32CubeIDE/plugins/com.st.stm32cube.ide.mcu.externaltools.gnu-tools-for-stm32.11.3.rel1.win32_1.1.100.202309141235/tools/bin/../lib/gcc/arm-none-eabi/11.3.1/../../../../arm-none-eabi/bin/ld.exe: C:/ST/STM32CubeIDE_1.14.1/STM32CubeIDE/plugins/com.st.stm32cube.ide.mcu.externaltools.gnu-tools-for-stm32.11.3.rel1.win32_1.1.100.202309141235/tools/bin/../lib/gcc/arm-none-eabi/11.3.1/../../../../arm-none-eabi/lib/thumb/v7e-m+fp/hard\libc_nano.a(libc_a-closer.o): in function `_close_r':
(.text._close_r+0xc): undefined reference to `_close'
C:/ST/STM32CubeIDE_1.14.1/STM32CubeIDE/plugins/com.st.stm32cube.ide.mcu.externaltools.gnu-tools-for-stm32.11.3.rel1.win32_1.1.100.202309141235/tools/bin/../lib/gcc/arm-none-eabi/11.3.1/../../../../arm-none-eabi/bin/ld.exe: C:/ST/STM32CubeIDE_1.14.1/STM32CubeIDE/plugins/com.st.stm32cube.ide.mcu.externaltools.gnu-tools-for-stm32.11.3.rel1.win32_1.1.100.202309141235/tools/bin/../lib/gcc/arm-none-eabi/11.3.1/../../../../arm-none-eabi/lib/thumb/v7e-m+fp/hard\libc_nano.a(libc_a-lseekr.o): in function `_lseek_r':
(.text._lseek_r+0x10): undefined reference to `_lseek'
C:/ST/STM32CubeIDE_1.14.1/STM32CubeIDE/plugins/com.st.stm32cube.ide.mcu.externaltools.gnu-tools-for-stm32.11.3.rel1.win32_1.1.100.202309141235/tools/bin/../lib/gcc/arm-none-eabi/11.3.1/../../../../arm-none-eabi/bin/ld.exe: C:/ST/STM32CubeIDE_1.14.1/STM32CubeIDE/plugins/com.st.stm32cube.ide.mcu.externaltools.gnu-tools-for-stm32.11.3.rel1.win32_1.1.100.202309141235/tools/bin/../lib/gcc/arm-none-eabi/11.3.1/../../../../arm-none-eabi/lib/thumb/v7e-m+fp/hard\libc_nano.a(libc_a-readr.o): in function `_read_r':
(.text._read_r+0x10): undefined reference to `_read'
C:/ST/STM32CubeIDE_1.14.1/STM32CubeIDE/plugins/com.st.stm32cube.ide.mcu.externaltools.gnu-tools-for-stm32.11.3.rel1.win32_1.1.100.202309141235/tools/bin/../lib/gcc/arm-none-eabi/11.3.1/../../../../arm-none-eabi/bin/ld.exe: C:/ST/STM32CubeIDE_1.14.1/STM32CubeIDE/plugins/com.st.stm32cube.ide.mcu.externaltools.gnu-tools-for-stm32.11.3.rel1.win32_1.1.100.202309141235/tools/bin/../lib/gcc/arm-none-eabi/11.3.1/../../../../arm-none-eabi/lib/thumb/v7e-m+fp/hard\libc_nano.a(libc_a-signalr.o): in function `_kill_r':
(.text._kill_r+0xe): undefined reference to `_kill'
C:/ST/STM32CubeIDE_1.14.1/STM32CubeIDE/plugins/com.st.stm32cube.ide.mcu.externaltools.gnu-tools-for-stm32.11.3.rel1.win32_1.1.100.202309141235/tools/bin/../lib/gcc/arm-none-eabi/11.3.1/../../../../arm-none-eabi/bin/ld.exe: C:/ST/STM32CubeIDE_1.14.1/STM32CubeIDE/plugins/com.st.stm32cube.ide.mcu.externaltools.gnu-tools-for-stm32.11.3.rel1.win32_1.1.100.202309141235/tools/bin/../lib/gcc/arm-none-eabi/11.3.1/../../../../arm-none-eabi/lib/thumb/v7e-m+fp/hard\libc_nano.a(libc_a-signalr.o): in function `_getpid_r':
(.text._getpid_r+0x0): undefined reference to `_getpid'
C:/ST/STM32CubeIDE_1.14.1/STM32CubeIDE/plugins/com.st.stm32cube.ide.mcu.externaltools.gnu-tools-for-stm32.11.3.rel1.win32_1.1.100.202309141235/tools/bin/../lib/gcc/arm-none-eabi/11.3.1/../../../../arm-none-eabi/bin/ld.exe: C:/ST/STM32CubeIDE_1.14.1/STM32CubeIDE/plugins/com.st.stm32cube.ide.mcu.externaltools.gnu-tools-for-stm32.11.3.rel1.win32_1.1.100.202309141235/tools/bin/../lib/gcc/arm-none-eabi/11.3.1/../../../../arm-none-eabi/lib/thumb/v7e-m+fp/hard\libc_nano.a(libc_a-writer.o): in function `_write_r':
(.text._write_r+0x10): undefined reference to `_write'
C:/ST/STM32CubeIDE_1.14.1/STM32CubeIDE/plugins/com.st.stm32cube.ide.mcu.externaltools.gnu-tools-for-stm32.11.3.rel1.win32_1.1.100.202309141235/tools/bin/../lib/gcc/arm-none-eabi/11.3.1/../../../../arm-none-eabi/bin/ld.exe: C:/ST/STM32CubeIDE_1.14.1/STM32CubeIDE/plugins/com.st.stm32cube.ide.mcu.externaltools.gnu-tools-for-stm32.11.3.rel1.win32_1.1.100.202309141235/tools/bin/../lib/gcc/arm-none-eabi/11.3.1/../../../../arm-none-eabi/lib/thumb/v7e-m+fp/hard\libc_nano.a(libc_a-fstatr.o): in function `_fstat_r':
(.text._fstat_r+0xe): undefined reference to `_fstat'
C:/ST/STM32CubeIDE_1.14.1/STM32CubeIDE/plugins/com.st.stm32cube.ide.mcu.externaltools.gnu-tools-for-stm32.11.3.rel1.win32_1.1.100.202309141235/tools/bin/../lib/gcc/arm-none-eabi/11.3.1/../../../../arm-none-eabi/bin/ld.exe: C:/ST/STM32CubeIDE_1.14.1/STM32CubeIDE/plugins/com.st.stm32cube.ide.mcu.externaltools.gnu-tools-for-stm32.11.3.rel1.win32_1.1.100.202309141235/tools/bin/../lib/gcc/arm-none-eabi/11.3.1/../../../../arm-none-eabi/lib/thumb/v7e-m+fp/hard\libc_nano.a(libc_a-isattyr.o): in function `_isatty_r':
(.text._isatty_r+0xc): undefined reference to `_isatty'
collect2.exe: error: ld returned 1 exit status
make: *** [makefile:110: MFCC_TFLite.elf] Error 1
"make -j12 all" terminated with exit code 2. Build might be incomplete.

13:52:27 Build Failed. 10 errors, 3 warnings. (took 6s.851ms)

